TN:
SF:src/config-validator.js
FN:9,validateEnvironmentVariables
FN:81,validateDiscordChannelId
FN:96,validateYouTubeChannelId
FN:111,validateUrl
FN:129,validatePort
FN:139,validateLogLevel
FN:149,validateBooleanEnvVar
FN:164,parseBooleanEnvVar
FNDA:42,validateEnvironmentVariables
FNDA:53,validateDiscordChannelId
FNDA:31,validateYouTubeChannelId
FNDA:11,validateUrl
FNDA:12,validatePort
FNDA:11,validateLogLevel
FNDA:16,validateBooleanEnvVar
FNDA:16,parseBooleanEnvVar
FNF:8
FNH:8
BRDA:9,0,0,42
BRDA:50,1,0,534
BRDA:51,2,0,96
BRDA:54,3,0,41
BRDA:57,4,0,697
BRDA:58,5,0,631
BRDA:59,6,0,601
BRDA:59,7,0,70
BRDA:61,8,0,561
BRDA:61,9,0,30
BRDA:81,10,0,53
BRDA:82,11,0,50
BRDA:82,12,0,3
BRDA:84,13,0,50
BRDA:96,14,0,31
BRDA:97,15,0,28
BRDA:97,16,0,3
BRDA:99,17,0,28
BRDA:111,18,0,11
BRDA:112,19,0,8
BRDA:112,20,0,3
BRDA:114,21,0,8
BRDA:119,22,0,2
BRDA:129,23,0,12
BRDA:131,24,0,8
BRDA:131,25,0,6
BRDA:139,26,0,11
BRDA:149,27,0,16
BRDA:150,28,0,2
BRDA:152,29,0,14
BRDA:164,30,0,16
BRDA:165,31,0,13
BRDA:165,32,0,3
BRDA:167,33,0,13
BRF:66
BRH:66
DA:1,1
DA:2,1
DA:3,1
DA:4,1
DA:5,1
DA:6,1
DA:7,1
DA:8,1
DA:9,1
DA:10,42
DA:11,42
DA:12,42
DA:13,42
DA:14,42
DA:15,42
DA:16,42
DA:17,42
DA:18,42
DA:19,42
DA:20,42
DA:21,42
DA:22,42
DA:23,42
DA:24,42
DA:25,42
DA:26,42
DA:27,42
DA:28,42
DA:29,42
DA:30,42
DA:31,42
DA:32,42
DA:33,42
DA:34,42
DA:35,42
DA:36,42
DA:37,42
DA:38,42
DA:39,42
DA:40,42
DA:41,42
DA:42,42
DA:43,42
DA:44,42
DA:45,42
DA:46,42
DA:47,42
DA:48,42
DA:49,42
DA:50,42
DA:51,534
DA:52,96
DA:53,96
DA:54,534
DA:55,41
DA:56,41
DA:57,41
DA:58,697
DA:59,631
DA:60,70
DA:61,631
DA:62,30
DA:63,30
DA:64,631
DA:65,697
DA:66,41
DA:67,41
DA:68,41
DA:69,41
DA:70,41
DA:71,41
DA:72,41
DA:73,41
DA:74,41
DA:75,1
DA:76,1
DA:77,1
DA:78,1
DA:79,1
DA:80,1
DA:81,1
DA:82,53
DA:83,3
DA:84,3
DA:85,50
DA:86,50
DA:87,50
DA:88,50
DA:89,50
DA:90,1
DA:91,1
DA:92,1
DA:93,1
DA:94,1
DA:95,1
DA:96,1
DA:97,31
DA:98,3
DA:99,3
DA:100,28
DA:101,28
DA:102,28
DA:103,28
DA:104,28
DA:105,1
DA:106,1
DA:107,1
DA:108,1
DA:109,1
DA:110,1
DA:111,1
DA:112,11
DA:113,3
DA:114,3
DA:115,8
DA:116,8
DA:117,8
DA:118,8
DA:119,11
DA:120,2
DA:121,2
DA:122,11
DA:123,1
DA:124,1
DA:125,1
DA:126,1
DA:127,1
DA:128,1
DA:129,1
DA:130,12
DA:131,12
DA:132,12
DA:133,1
DA:134,1
DA:135,1
DA:136,1
DA:137,1
DA:138,1
DA:139,1
DA:140,11
DA:141,11
DA:142,11
DA:143,1
DA:144,1
DA:145,1
DA:146,1
DA:147,1
DA:148,1
DA:149,1
DA:150,16
DA:151,2
DA:152,2
DA:153,14
DA:154,14
DA:155,14
DA:156,14
DA:157,1
DA:158,1
DA:159,1
DA:160,1
DA:161,1
DA:162,1
DA:163,1
DA:164,1
DA:165,16
DA:166,3
DA:167,3
DA:168,13
DA:169,13
DA:170,13
DA:171,13
LF:171
LH:171
end_of_record
TN:
SF:src/discord-utils.js
FN:11,splitMessage
FN:45,DiscordManager
FN:58,sendMirroredMessage
FN:98,setPostingEnabled
FN:106,setMirrorMessage
FN:118,createDiscordManager
FNDA:14,splitMessage
FNDA:11,DiscordManager
FNDA:7,sendMirroredMessage
FNDA:2,setPostingEnabled
FNDA:2,setMirrorMessage
FNDA:2,createDiscordManager
FNDA:0,(anonymous_1)
FNDA:0,(anonymous_2)
FNDA:0,(anonymous_3)
FNDA:0,(anonymous_4)
FNF:10
FNH:6
BRDA:11,0,0,14
BRDA:12,1,0,10
BRDA:14,2,0,9
BRDA:14,3,0,4
BRDA:20,4,0,3
BRDA:21,5,0,2
BRDA:24,6,0,0
BRDA:28,7,0,6
BRDA:29,8,0,2
BRDA:32,9,0,6
BRDA:34,10,0,4
BRDA:35,11,0,2
BRDA:37,12,0,4
BRDA:45,13,0,11
BRDA:48,14,0,1
BRDA:49,15,0,2
BRDA:58,16,0,7
BRDA:59,17,0,1
BRDA:67,18,0,0
BRDA:72,19,0,6
BRDA:77,20,0,5
BRDA:77,21,0,4
BRDA:79,22,0,3
BRDA:80,23,0,3
BRDA:82,24,0,5
BRDA:88,25,0,1
BRDA:98,26,0,2
BRDA:106,27,0,2
BRDA:118,28,0,2
BRF:69
BRH:61
DA:1,1
DA:2,1
DA:3,1
DA:4,1
DA:5,1
DA:6,1
DA:7,1
DA:8,1
DA:9,1
DA:10,1
DA:11,1
DA:12,14
DA:13,10
DA:14,10
DA:15,4
DA:16,4
DA:17,4
DA:18,4
DA:19,9
DA:20,9
DA:21,3
DA:22,2
DA:23,2
DA:24,3
DA:25,3
DA:26,3
DA:27,3
DA:28,3
DA:29,9
DA:30,2
DA:31,2
DA:32,2
DA:33,6
DA:34,6
DA:35,9
DA:36,2
DA:37,2
DA:38,4
DA:39,4
DA:40,1
DA:41,1
DA:42,1
DA:43,1
DA:44,1
DA:45,1
DA:46,11
DA:47,11
DA:48,11
DA:49,11
DA:50,11
DA:51,11
DA:52,1
DA:53,1
DA:54,1
DA:55,1
DA:56,1
DA:57,1
DA:58,1
DA:59,7
DA:60,1
DA:61,1
DA:62,1
DA:63,1
DA:64,1
DA:65,1
DA:66,1
DA:67,1
DA:68,0
DA:69,0
DA:70,1
DA:71,1
DA:72,1
DA:73,6
DA:74,6
DA:75,6
DA:76,6
DA:77,7
DA:78,4
DA:79,4
DA:80,4
DA:81,3
DA:82,3
DA:83,5
DA:84,5
DA:85,5
DA:86,5
DA:87,3
DA:88,4
DA:89,1
DA:90,1
DA:91,4
DA:92,7
DA:93,1
DA:94,1
DA:95,1
DA:96,1
DA:97,1
DA:98,1
DA:99,2
DA:100,2
DA:101,1
DA:102,1
DA:103,1
DA:104,1
DA:105,1
DA:106,1
DA:107,2
DA:108,2
DA:109,1
DA:110,1
DA:111,1
DA:112,1
DA:113,1
DA:114,1
DA:115,1
DA:116,1
DA:117,1
DA:118,1
DA:119,2
DA:120,2
LF:120
LH:118
end_of_record
TN:
SF:src/duplicate-detector.js
FN:23,DuplicateDetector
FN:50,_generateContentFingerprint
FN:66,isDuplicate
FN:97,markAsSeen
FN:124,isDuplicateByUrl
FN:147,markAsSeenByUrl
FN:173,_normalizeUrl
FN:192,_extractVideoId
FN:203,_extractTweetId
FN:214,_extractContentId
FN:218,_normalizeTitle
FN:231,generateContentFingerprint
FN:238,normalizeTitle
FN:245,extractContentId
FN:252,normalizeUrl
FN:259,isDuplicateWithFingerprint
FN:266,markAsSeenWithFingerprint
FN:273,processContentWithFingerprint
FN:311,determineContentType
FN:324,getEnhancedStats
FN:338,isDuplicateCompat
FN:361,markAsSeenCompat
FN:381,_cleanupMemory
FN:406,scanDiscordChannelForVideos
FN:457,results.messagesScanned
FN:478,scanDiscordChannelForTweets
FN:529,results.messagesScanned
FN:548,getStats
FN:564,isVideoIdKnown
FN:572,addVideoId
FN:581,isTweetIdKnown
FN:588,destroy
FNDA:219,DuplicateDetector
FNDA:29,_generateContentFingerprint
FNDA:26,isDuplicate
FNDA:27,markAsSeen
FNDA:45,isDuplicateByUrl
FNDA:43,markAsSeenByUrl
FNDA:94,_normalizeUrl
FNDA:128,_extractVideoId
FNDA:65,_extractTweetId
FNDA:31,_extractContentId
FNDA:32,_normalizeTitle
FNDA:4,generateContentFingerprint
FNDA:3,normalizeTitle
FNDA:2,extractContentId
FNDA:6,normalizeUrl
FNDA:2,isDuplicateWithFingerprint
FNDA:12,markAsSeenWithFingerprint
FNDA:4,processContentWithFingerprint
FNDA:3,determineContentType
FNDA:2,getEnhancedStats
FNDA:0,isDuplicateCompat
FNDA:0,markAsSeenCompat
FNDA:1,_cleanupMemory
FNDA:9,scanDiscordChannelForVideos
FNDA:5,results.messagesScanned
FNDA:4,scanDiscordChannelForTweets
FNDA:26,getStats
FNDA:2,isVideoIdKnown
FNDA:0,addVideoId
FNDA:0,isTweetIdKnown
FNDA:14,destroy
FNDA:2,(anonymous_0)
FNDA:0,(anonymous_1)
FNDA:1,(anonymous_2)
FNDA:2000,(anonymous_3)
FNDA:1,(anonymous_4)
FNDA:2000,(anonymous_5)
FNDA:1000,(anonymous_6)
FNDA:1000,(anonymous_7)
FNDA:2001,(anonymous_8)
FNDA:2001,(anonymous_9)
FNDA:1000,(anonymous_10)
FNDA:0,(anonymous_11)
FNDA:0,(anonymous_12)
FNDA:0,(anonymous_13)
FNDA:0,(anonymous_14)
FNDA:0,(anonymous_15)
FNDA:0,(anonymous_16)
FNDA:0,(anonymous_17)
FNDA:0,(anonymous_18)
FNDA:0,(anonymous_19)
FNDA:0,(anonymous_20)
FNDA:0,(anonymous_21)
FNDA:0,(anonymous_22)
FNDA:0,(anonymous_23)
FNDA:0,(anonymous_24)
FNDA:0,(anonymous_25)
FNDA:0,(anonymous_26)
FNDA:0,(anonymous_27)
FNDA:0,(anonymous_28)
FNDA:0,(anonymous_29)
FNDA:0,(anonymous_30)
FNDA:0,(anonymous_31)
FNDA:0,(anonymous_32)
FNDA:0,(anonymous_33)
FNDA:0,(anonymous_34)
FNDA:1,(anonymous_35)
FNDA:0,(anonymous_36)
FNDA:0,(anonymous_37)
FNDA:0,(anonymous_38)
FNDA:0,(anonymous_39)
FNF:71
FNH:38
BRDA:23,0,0,219
BRDA:38,1,0,178
BRDA:38,2,0,178
BRDA:50,3,0,29
BRDA:51,4,0,0
BRDA:54,5,0,3
BRDA:55,6,0,0
BRDA:56,7,0,26
BRDA:56,8,0,3
BRDA:66,9,0,26
BRDA:68,10,0,20
BRDA:70,11,0,8
BRDA:70,12,0,6
BRDA:73,13,0,0
BRDA:76,14,0,6
BRDA:78,15,0,2
BRDA:80,16,0,4
BRDA:82,17,0,8
BRDA:82,18,0,4
BRDA:84,19,0,0
BRDA:88,20,0,0
BRDA:97,21,0,27
BRDA:99,22,0,12
BRDA:101,23,0,15
BRDA:124,24,0,45
BRDA:126,25,0,21
BRDA:128,26,0,33
BRDA:128,27,0,24
BRDA:131,28,0,22
BRDA:131,29,0,22
BRDA:133,30,0,0
BRDA:137,31,0,2
BRDA:147,32,0,43
BRDA:152,33,0,34
BRDA:152,34,0,34
BRDA:160,35,0,16
BRDA:166,36,0,17
BRDA:173,37,0,94
BRDA:174,38,0,0
BRDA:179,39,0,43
BRDA:181,40,0,66
BRDA:181,41,0,51
BRDA:185,42,0,41
BRDA:187,43,0,10
BRDA:192,44,0,128
BRDA:193,45,0,0
BRDA:200,46,0,63
BRDA:200,47,0,65
BRDA:203,48,0,65
BRDA:204,49,0,0
BRDA:211,50,0,43
BRDA:211,51,0,22
BRDA:214,52,0,31
BRDA:215,53,0,12
BRDA:215,54,0,11
BRDA:218,55,0,32
BRDA:219,56,0,3
BRDA:231,57,0,4
BRDA:238,58,0,3
BRDA:245,59,0,2
BRDA:252,60,0,6
BRDA:259,61,0,2
BRDA:266,62,0,12
BRDA:273,63,0,4
BRDA:275,64,0,1
BRDA:280,65,0,0
BRDA:284,66,0,0
BRDA:285,67,0,0
BRDA:288,68,0,1
BRDA:296,69,0,3
BRDA:301,70,0,3
BRDA:291,71,0,4
BRDA:311,72,0,3
BRDA:312,73,0,1
BRDA:314,74,0,2
BRDA:315,75,0,1
BRDA:324,76,0,2
BRDA:381,77,0,1
BRDA:386,78,0,4
BRDA:394,79,0,4
BRDA:406,80,0,9
BRDA:407,81,0,8
BRDA:407,82,0,2
BRDA:409,83,0,7
BRDA:422,84,0,11
BRDA:424,85,0,4
BRDA:428,86,0,10
BRDA:429,87,0,5
BRDA:433,88,0,23
BRDA:434,89,0,0
BRDA:435,90,0,13
BRDA:441,91,0,9
BRDA:448,92,0,1
BRDA:451,93,0,5
BRDA:453,94,0,0
BRDA:453,95,0,5
BRDA:456,96,0,5
BRDA:459,97,0,6
BRDA:462,98,0,1
BRDA:467,99,0,7
BRDA:457,100,0,5
BRDA:478,101,0,4
BRDA:479,102,0,0
BRDA:494,103,0,9
BRDA:496,104,0,5
BRDA:501,105,0,4
BRDA:503,106,0,5
BRDA:505,107,0,19
BRDA:506,108,0,0
BRDA:507,109,0,8
BRDA:513,110,0,7
BRDA:520,111,0,0
BRDA:523,112,0,5
BRDA:525,113,0,0
BRDA:525,114,0,5
BRDA:528,115,0,5
BRDA:534,116,0,0
BRDA:529,117,0,5
BRDA:548,118,0,26
BRDA:564,119,0,2
BRDA:588,120,0,14
BRF:262
BRH:208
DA:1,1
DA:2,1
DA:3,1
DA:4,1
DA:5,1
DA:6,1
DA:7,1
DA:8,1
DA:9,26
DA:10,1
DA:11,1
DA:12,1
DA:13,1
DA:14,1
DA:15,1
DA:16,26
DA:17,1
DA:18,1
DA:19,1
DA:20,1
DA:21,1
DA:22,1
DA:23,1
DA:24,219
DA:25,219
DA:26,219
DA:27,219
DA:28,219
DA:29,219
DA:30,219
DA:31,219
DA:32,219
DA:33,219
DA:34,219
DA:35,219
DA:36,219
DA:37,219
DA:38,219
DA:39,178
DA:40,178
DA:41,219
DA:42,1
DA:43,1
DA:44,1
DA:45,1
DA:46,1
DA:47,1
DA:48,1
DA:49,1
DA:50,1
DA:51,29
DA:52,0
DA:53,0
DA:54,29
DA:55,29
DA:56,29
DA:57,29
DA:58,29
DA:59,29
DA:60,1
DA:61,1
DA:62,1
DA:63,1
DA:64,1
DA:65,1
DA:66,1
DA:67,26
DA:68,26
DA:69,20
DA:70,20
DA:71,6
DA:72,6
DA:73,8
DA:74,0
DA:75,0
DA:76,0
DA:77,6
DA:78,8
DA:79,2
DA:80,2
DA:81,4
DA:82,26
DA:83,4
DA:84,4
DA:85,0
DA:86,0
DA:87,4
DA:88,4
DA:89,0
DA:90,0
DA:91,0
DA:92,1
DA:93,1
DA:94,1
DA:95,1
DA:96,1
DA:97,1
DA:98,27
DA:99,2000
DA:100,2000
DA:101,12
DA:102,15
DA:103,15
DA:104,15
DA:105,15
DA:106,15
DA:107,15
DA:108,15
DA:109,15
DA:110,15
DA:111,15
DA:112,15
DA:113,15
DA:114,15
DA:115,15
DA:116,15
DA:117,15
DA:118,1
DA:119,1
DA:120,1
DA:121,1
DA:122,1
DA:123,1
DA:124,1
DA:125,45
DA:126,45
DA:127,21
DA:128,21
DA:129,24
DA:130,24
DA:131,45
DA:132,22
DA:133,22
DA:134,0
DA:135,0
DA:136,22
DA:137,22
DA:138,2
DA:139,2
DA:140,2
DA:141,2
DA:142,1
DA:143,1
DA:144,1
DA:145,1
DA:146,1
DA:147,1
DA:148,2000
DA:149,2000
DA:150,43
DA:151,43
DA:152,2000
DA:153,2000
DA:154,34
DA:155,43
DA:156,43
DA:157,2000
DA:158,2000
DA:159,43
DA:160,2000
DA:161,1000
DA:162,1000
DA:163,16
DA:164,43
DA:165,43
DA:166,2000
DA:167,1000
DA:168,1000
DA:169,17
DA:170,43
DA:171,43
DA:172,1
DA:173,1
DA:174,2001
DA:175,0
DA:176,0
DA:177,94
DA:178,2001
DA:179,2001
DA:180,1001
DA:181,43
DA:182,51
DA:183,51
DA:184,1000
DA:185,1000
DA:186,1000
DA:187,41
DA:188,10
DA:189,10
DA:190,10
DA:191,1
DA:192,1
DA:193,2001
DA:194,0
DA:195,0
DA:196,128
DA:197,128
DA:198,2001
DA:199,2001
DA:200,2001
DA:201,128
DA:202,1
DA:203,1
DA:204,1000
DA:205,0
DA:206,0
DA:207,65
DA:208,65
DA:209,1000
DA:210,1000
DA:211,1000
DA:212,65
DA:213,1
DA:214,1
DA:215,31
DA:216,31
DA:217,1
DA:218,1
DA:219,32
DA:220,32
DA:221,32
DA:222,32
DA:223,32
DA:224,32
DA:225,1
DA:226,1
DA:227,1
DA:228,1
DA:229,1
DA:230,1
DA:231,1
DA:232,4
DA:233,4
DA:234,1
DA:235,1
DA:236,1
DA:237,1
DA:238,1
DA:239,3
DA:240,3
DA:241,1
DA:242,1
DA:243,1
DA:244,1
DA:245,1
DA:246,2
DA:247,2
DA:248,1
DA:249,1
DA:250,1
DA:251,1
DA:252,1
DA:253,6
DA:254,6
DA:255,1
DA:256,1
DA:257,1
DA:258,1
DA:259,1
DA:260,2
DA:261,2
DA:262,1
DA:263,1
DA:264,1
DA:265,1
DA:266,1
DA:267,12
DA:268,12
DA:269,1
DA:270,1
DA:271,1
DA:272,1
DA:273,1
DA:274,4
DA:275,4
DA:276,1
DA:277,1
DA:278,4
DA:279,4
DA:280,4
DA:281,4
DA:282,4
DA:283,4
DA:284,4
DA:285,4
DA:286,4
DA:287,4
DA:288,4
DA:289,4
DA:290,4
DA:291,4
DA:292,4
DA:293,4
DA:294,4
DA:295,4
DA:296,4
DA:297,4
DA:298,4
DA:299,4
DA:300,4
DA:301,4
DA:302,3
DA:303,3
DA:304,4
DA:305,4
DA:306,4
DA:307,1
DA:308,1
DA:309,1
DA:310,1
DA:311,1
DA:312,3
DA:313,1
DA:314,1
DA:315,3
DA:316,1
DA:317,1
DA:318,1
DA:319,1
DA:320,1
DA:321,1
DA:322,1
DA:323,1
DA:324,1
DA:325,2
DA:326,2
DA:327,2
DA:328,2
DA:329,2
DA:330,2
DA:331,2
DA:332,2
DA:333,2
DA:334,1
DA:335,1
DA:336,1
DA:337,1
DA:338,1
DA:339,0
DA:340,0
DA:341,0
DA:342,0
DA:343,0
DA:344,0
DA:345,0
DA:346,0
DA:347,0
DA:348,0
DA:349,0
DA:350,0
DA:351,0
DA:352,0
DA:353,0
DA:354,0
DA:355,0
DA:356,0
DA:357,1
DA:358,1
DA:359,1
DA:360,1
DA:361,1
DA:362,0
DA:363,0
DA:364,0
DA:365,0
DA:366,0
DA:367,0
DA:368,0
DA:369,0
DA:370,0
DA:371,0
DA:372,0
DA:373,0
DA:374,0
DA:375,0
DA:376,0
DA:377,1
DA:378,1
DA:379,1
DA:380,1
DA:381,1
DA:382,1
DA:383,1
DA:384,1
DA:385,1
DA:386,1
DA:387,4
DA:388,1
DA:389,1
DA:390,1
DA:391,1
DA:392,1
DA:393,1
DA:394,1
DA:395,4
DA:396,1
DA:397,1
DA:398,1
DA:399,1
DA:400,1
DA:401,1
DA:402,1
DA:403,1
DA:404,1
DA:405,1
DA:406,1
DA:407,9
DA:408,2
DA:409,2
DA:410,7
DA:411,7
DA:412,7
DA:413,7
DA:414,7
DA:415,7
DA:416,7
DA:417,7
DA:418,7
DA:419,7
DA:420,7
DA:421,7
DA:422,9
DA:423,11
DA:424,11
DA:425,4
DA:426,4
DA:427,11
DA:428,11
DA:429,11
DA:430,5
DA:431,5
DA:432,5
DA:433,11
DA:434,23
DA:435,23
DA:436,13
DA:437,13
DA:438,13
DA:439,13
DA:440,13
DA:441,13
DA:442,9
DA:443,9
DA:444,9
DA:445,13
DA:446,13
DA:447,23
DA:448,23
DA:449,1
DA:450,1
DA:451,23
DA:452,5
DA:453,11
DA:454,11
DA:455,11
DA:456,11
DA:457,5
DA:458,5
DA:459,11
DA:460,6
DA:461,6
DA:462,9
DA:463,1
DA:464,1
DA:465,1
DA:466,1
DA:467,1
DA:468,7
DA:469,7
DA:470,7
DA:471,1
DA:472,1
DA:473,1
DA:474,1
DA:475,1
DA:476,1
DA:477,1
DA:478,1
DA:479,4
DA:480,0
DA:481,0
DA:482,4
DA:483,4
DA:484,4
DA:485,4
DA:486,4
DA:487,4
DA:488,4
DA:489,4
DA:490,4
DA:491,4
DA:492,4
DA:493,4
DA:494,4
DA:495,9
DA:496,9
DA:497,5
DA:498,5
DA:499,9
DA:500,9
DA:501,9
DA:502,4
DA:503,4
DA:504,5
DA:505,9
DA:506,19
DA:507,19
DA:508,8
DA:509,8
DA:510,8
DA:511,8
DA:512,8
DA:513,8
DA:514,7
DA:515,7
DA:516,7
DA:517,8
DA:518,8
DA:519,19
DA:520,19
DA:521,0
DA:522,0
DA:523,19
DA:524,5
DA:525,9
DA:526,9
DA:527,9
DA:528,9
DA:529,5
DA:530,5
DA:531,9
DA:532,4
DA:533,4
DA:534,4
DA:535,0
DA:536,0
DA:537,0
DA:538,0
DA:539,0
DA:540,4
DA:541,4
DA:542,4
DA:543,1
DA:544,1
DA:545,1
DA:546,1
DA:547,1
DA:548,1
DA:549,26
DA:550,26
DA:551,26
DA:552,26
DA:553,26
DA:554,26
DA:555,26
DA:556,26
DA:557,26
DA:558,1
DA:559,1
DA:560,1
DA:561,1
DA:562,1
DA:563,1
DA:564,1
DA:565,2
DA:566,2
DA:567,1
DA:568,1
DA:569,1
DA:570,1
DA:571,1
DA:572,1
DA:573,0
DA:574,0
DA:575,1
DA:576,1
DA:577,1
DA:578,1
DA:579,1
DA:580,1
DA:581,1
DA:582,0
DA:583,0
DA:584,1
DA:585,1
DA:586,1
DA:587,1
DA:588,1
DA:589,14
DA:590,14
DA:591,14
DA:592,14
DA:593,14
DA:594,1
LF:594
LH:530
end_of_record
TN:
SF:src/logger-utils.js
FN:15,DiscordTransport
FN:33,debug
FN:33,info
FN:33,warn
FN:33,error
FN:33,verbose
FN:64,startFlushing
FN:76,close
FN:109,destroy
FN:114,isClientUnavailable
FN:138,isWriteError
FN:148,isShutdownError
FN:165,safeConsoleError
FN:178,log
FN:235,flush
FN:292,setLogLevel
FN:301,SystemdSafeConsoleTransport
FN:307,_setupErrorHandling
FN:328,log
FN:340,console.error
FN:352,console.log
FN:394,write
FN:413,isWriteError
FN:430,createFileLogFormat
FN:442,createConsoleLogFormat
FN:457,createDiscordTransport
FN:471,createSystemdSafeConsoleTransport
FNDA:26,DiscordTransport
FNDA:3,debug
FNDA:61,info
FNDA:0,warn
FNDA:2,error
FNDA:2,verbose
FNDA:1,startFlushing
FNDA:29,close
FNDA:0,destroy
FNDA:24,isClientUnavailable
FNDA:9,isWriteError
FNDA:1,isShutdownError
FNDA:0,safeConsoleError
FNDA:20,log
FNDA:34,flush
FNDA:0,setLogLevel
FNDA:15,SystemdSafeConsoleTransport
FNDA:15,_setupErrorHandling
FNDA:0,console.error
FNDA:0,console.log
FNDA:12,write
FNDA:5,createFileLogFormat
FNDA:5,createConsoleLogFormat
FNDA:3,createDiscordTransport
FNDA:4,createSystemdSafeConsoleTransport
FNDA:0,(anonymous_0)
FNDA:0,(anonymous_1)
FNDA:0,(anonymous_2)
FNDA:0,(anonymous_3)
FNDA:0,(anonymous_4)
FNDA:0,(anonymous_5)
FNDA:0,(anonymous_6)
FNDA:0,(anonymous_7)
FNDA:0,(anonymous_8)
FNDA:0,(anonymous_9)
FNDA:0,(anonymous_10)
FNDA:0,(anonymous_11)
FNDA:0,(anonymous_12)
FNDA:0,(anonymous_13)
FNDA:0,(anonymous_14)
FNDA:0,(anonymous_15)
FNDA:0,(anonymous_16)
FNDA:0,(anonymous_17)
FNDA:0,(anonymous_18)
FNDA:0,(anonymous_19)
FNDA:0,(anonymous_20)
FNDA:0,(anonymous_21)
FNDA:0,(anonymous_22)
FNDA:0,(anonymous_23)
FNDA:0,(anonymous_24)
FNDA:0,(anonymous_25)
FNDA:0,(anonymous_26)
FNDA:0,(anonymous_27)
FNDA:0,(anonymous_28)
FNDA:0,(anonymous_29)
FNDA:0,(anonymous_30)
FNDA:0,(anonymous_31)
FNDA:0,(anonymous_32)
FNDA:0,(anonymous_33)
FNDA:0,(anonymous_34)
FNDA:0,(anonymous_35)
FNDA:0,(anonymous_36)
FNDA:0,(anonymous_37)
FNDA:0,(anonymous_38)
FNF:64
FNH:19
BRDA:15,0,0,26
BRDA:23,1,0,11
BRDA:24,2,0,13
BRDA:34,3,0,0
BRDA:44,4,0,0
BRDA:45,5,0,0
BRDA:59,6,0,0
BRDA:33,7,0,3
BRDA:33,8,0,61
BRDA:33,9,0,2
BRDA:33,10,0,2
BRDA:64,11,0,1
BRDA:65,12,0,0
BRDA:68,13,0,1
BRDA:76,14,0,29
BRDA:77,15,0,0
BRDA:86,16,0,0
BRDA:96,17,0,26
BRDA:97,18,0,0
BRDA:103,19,0,26
BRDA:114,20,0,24
BRDA:115,21,0,0
BRDA:120,22,0,2
BRDA:122,23,0,22
BRDA:125,24,0,0
BRDA:125,25,0,0
BRDA:127,26,0,22
BRDA:130,27,0,0
BRDA:130,28,0,0
BRDA:130,29,0,0
BRDA:132,30,0,22
BRDA:138,31,0,1
BRDA:139,32,0,0
BRDA:148,33,0,1
BRDA:149,34,0,0
BRDA:161,35,0,5
BRDA:178,36,0,20
BRDA:181,37,0,2
BRDA:183,38,0,18
BRDA:185,39,0,18
BRDA:185,40,0,18
BRDA:185,41,0,0
BRDA:187,42,0,18
BRDA:188,43,0,15
BRDA:190,44,0,12
BRDA:191,45,0,10
BRDA:205,46,0,2
BRDA:207,47,0,0
BRDA:211,48,0,3
BRDA:213,49,0,0
BRDA:217,50,0,18
BRDA:218,51,0,5
BRDA:220,52,0,13
BRDA:225,53,0,1
BRDA:227,54,0,13
BRDA:229,55,0,1
BRDA:231,56,0,13
BRDA:179,57,0,19
BRDA:194,58,0,3
BRDA:235,59,0,34
BRDA:236,60,0,13
BRDA:236,61,0,11
BRDA:236,62,0,23
BRDA:238,63,0,11
BRDA:243,64,0,3
BRDA:243,65,0,8
BRDA:245,66,0,20
BRDA:245,67,0,3
BRDA:254,68,0,2
BRDA:256,69,0,2
BRDA:257,70,0,1
BRDA:260,71,0,0
BRDA:260,72,0,0
BRDA:260,73,0,0
BRDA:301,74,0,15
BRDA:307,75,0,15
BRDA:328,76,0,4
BRDA:330,77,0,1
BRDA:333,78,0,3
BRDA:380,79,0,2
BRDA:382,80,0,1
BRDA:331,81,0,1
BRDA:365,82,0,1
BRDA:371,83,0,0
BRDA:371,84,0,0
BRDA:386,85,0,1
BRDA:394,86,0,12
BRDA:396,87,0,0
BRDA:402,88,0,1
BRDA:407,89,0,0
BRDA:413,90,0,9
BRDA:414,91,0,2
BRDA:416,92,0,7
BRDA:418,93,0,3
BRDA:430,94,0,5
BRDA:431,95,0,2
BRDA:432,96,0,0
BRDA:434,97,0,1
BRDA:434,98,0,1
BRDA:442,99,0,5
BRDA:457,100,0,3
BRDA:461,101,0,2
BRDA:471,102,0,4
BRDA:473,103,0,1
BRF:278
BRH:184
DA:1,1
DA:2,1
DA:3,1
DA:4,1
DA:5,1
DA:6,1
DA:7,1
DA:8,1
DA:9,1
DA:10,1
DA:11,1
DA:12,1
DA:13,1
DA:14,1
DA:15,1
DA:16,26
DA:17,26
DA:18,26
DA:19,26
DA:20,26
DA:21,26
DA:22,26
DA:23,26
DA:24,26
DA:25,26
DA:26,26
DA:27,26
DA:28,26
DA:29,26
DA:30,26
DA:31,26
DA:32,26
DA:33,26
DA:34,0
DA:35,0
DA:36,0
DA:37,0
DA:38,0
DA:39,0
DA:40,26
DA:41,26
DA:42,26
DA:43,26
DA:44,26
DA:45,0
DA:46,26
DA:47,26
DA:48,26
DA:49,26
DA:50,26
DA:51,26
DA:52,26
DA:53,26
DA:54,26
DA:55,26
DA:56,26
DA:57,26
DA:58,26
DA:59,26
DA:60,0
DA:61,0
DA:62,26
DA:63,1
DA:64,1
DA:65,1
DA:66,0
DA:67,0
DA:68,1
DA:69,1
DA:70,1
DA:71,1
DA:72,1
DA:73,1
DA:74,1
DA:75,1
DA:76,1
DA:77,29
DA:78,0
DA:79,0
DA:80,0
DA:81,29
DA:82,29
DA:83,29
DA:84,29
DA:85,29
DA:86,29
DA:87,0
DA:88,0
DA:89,0
DA:90,0
DA:91,0
DA:92,29
DA:93,29
DA:94,29
DA:95,29
DA:96,29
DA:97,29
DA:98,0
DA:99,0
DA:100,0
DA:101,0
DA:102,0
DA:103,29
DA:104,26
DA:105,26
DA:106,26
DA:107,1
DA:108,1
DA:109,1
DA:110,0
DA:111,0
DA:112,1
DA:113,1
DA:114,1
DA:115,24
DA:116,0
DA:117,0
DA:118,24
DA:119,24
DA:120,24
DA:121,2
DA:122,2
DA:123,22
DA:124,22
DA:125,24
DA:126,0
DA:127,0
DA:128,22
DA:129,22
DA:130,24
DA:131,0
DA:132,0
DA:133,22
DA:134,22
DA:135,22
DA:136,1
DA:137,1
DA:138,1
DA:139,1
DA:140,0
DA:141,0
DA:142,1
DA:143,1
DA:144,1
DA:145,1
DA:146,1
DA:147,1
DA:148,1
DA:149,1
DA:150,0
DA:151,0
DA:152,1
DA:153,1
DA:154,1
DA:155,1
DA:156,1
DA:157,1
DA:158,1
DA:159,1
DA:160,1
DA:161,5
DA:162,1
DA:163,1
DA:164,1
DA:165,1
DA:166,0
DA:167,0
DA:168,0
DA:169,0
DA:170,0
DA:171,0
DA:172,0
DA:173,0
DA:174,0
DA:175,0
DA:176,0
DA:177,1
DA:178,1
DA:179,20
DA:180,20
DA:181,20
DA:182,2
DA:183,2
DA:184,18
DA:185,20
DA:186,0
DA:187,0
DA:188,20
DA:189,15
DA:190,15
DA:191,15
DA:192,10
DA:193,10
DA:194,10
DA:195,3
DA:196,3
DA:197,3
DA:198,3
DA:199,3
DA:200,3
DA:201,3
DA:202,3
DA:203,3
DA:204,10
DA:205,15
DA:206,2
DA:207,2
DA:208,0
DA:209,0
DA:210,2
DA:211,15
DA:212,3
DA:213,3
DA:214,0
DA:215,0
DA:216,3
DA:217,15
DA:218,20
DA:219,5
DA:220,5
DA:221,13
DA:222,13
DA:223,13
DA:224,13
DA:225,20
DA:226,1
DA:227,1
DA:228,13
DA:229,20
DA:230,1
DA:231,1
DA:232,13
DA:233,13
DA:234,1
DA:235,1
DA:236,34
DA:237,23
DA:238,23
DA:239,11
DA:240,11
DA:241,11
DA:242,11
DA:243,34
DA:244,8
DA:245,8
DA:246,3
DA:247,3
DA:248,3
DA:249,3
DA:250,3
DA:251,3
DA:252,3
DA:253,3
DA:254,3
DA:255,2
DA:256,3
DA:257,20
DA:258,1
DA:259,1
DA:260,1
DA:261,0
DA:262,0
DA:263,0
DA:264,0
DA:265,0
DA:266,0
DA:267,0
DA:268,0
DA:269,0
DA:270,0
DA:271,0
DA:272,0
DA:273,0
DA:274,1
DA:275,1
DA:276,1
DA:277,1
DA:278,1
DA:279,1
DA:280,1
DA:281,1
DA:282,1
DA:283,1
DA:284,1
DA:285,1
DA:286,1
DA:287,34
DA:288,1
DA:289,1
DA:290,1
DA:291,1
DA:292,1
DA:293,0
DA:294,0
DA:295,1
DA:296,1
DA:297,1
DA:298,1
DA:299,1
DA:300,1
DA:301,1
DA:302,15
DA:303,15
DA:304,15
DA:305,15
DA:306,1
DA:307,1
DA:308,15
DA:309,15
DA:310,15
DA:311,0
DA:312,0
DA:313,0
DA:314,0
DA:315,15
DA:316,15
DA:317,15
DA:318,15
DA:319,15
DA:320,0
DA:321,0
DA:322,0
DA:323,0
DA:324,15
DA:325,15
DA:326,15
DA:327,1
DA:328,1
DA:329,4
DA:330,4
DA:331,1
DA:332,1
DA:333,1
DA:334,3
DA:335,3
DA:336,3
DA:337,3
DA:338,3
DA:339,3
DA:340,3
DA:341,0
DA:342,0
DA:343,0
DA:344,0
DA:345,0
DA:346,0
DA:347,0
DA:348,0
DA:349,0
DA:350,3
DA:351,3
DA:352,3
DA:353,0
DA:354,0
DA:355,0
DA:356,0
DA:357,0
DA:358,0
DA:359,0
DA:360,0
DA:361,0
DA:362,3
DA:363,3
DA:364,3
DA:365,3
DA:366,1
DA:367,1
DA:368,1
DA:369,1
DA:370,1
DA:371,1
DA:372,0
DA:373,0
DA:374,1
DA:375,1
DA:376,1
DA:377,3
DA:378,3
DA:379,3
DA:380,4
DA:381,2
DA:382,2
DA:383,1
DA:384,1
DA:385,1
DA:386,1
DA:387,1
DA:388,1
DA:389,1
DA:390,1
DA:391,1
DA:392,4
DA:393,1
DA:394,1
DA:395,12
DA:396,16
DA:397,0
DA:398,0
DA:399,12
DA:400,16
DA:401,16
DA:402,12
DA:403,1
DA:404,1
DA:405,1
DA:406,1
DA:407,1
DA:408,0
DA:409,0
DA:410,12
DA:411,1
DA:412,1
DA:413,1
DA:414,9
DA:415,2
DA:416,2
DA:417,7
DA:418,9
DA:419,9
DA:420,1
DA:421,1
DA:422,1
DA:423,1
DA:424,1
DA:425,3
DA:426,1
DA:427,1
DA:428,1
DA:429,1
DA:430,1
DA:431,5
DA:432,2
DA:433,2
DA:434,2
DA:435,5
DA:436,1
DA:437,1
DA:438,1
DA:439,1
DA:440,1
DA:441,1
DA:442,1
DA:443,5
DA:444,0
DA:445,0
DA:446,0
DA:447,5
DA:448,1
DA:449,1
DA:450,1
DA:451,1
DA:452,1
DA:453,1
DA:454,1
DA:455,1
DA:456,1
DA:457,1
DA:458,3
DA:459,3
DA:460,3
DA:461,3
DA:462,3
DA:463,3
DA:464,1
DA:465,1
DA:466,1
DA:467,1
DA:468,1
DA:469,1
DA:470,1
DA:471,1
DA:472,4
DA:473,4
DA:474,4
DA:475,4
DA:476,4
DA:477,4
DA:478,1
LF:478
LH:375
end_of_record
TN:
SF:src/message-processor.js
FN:1,(empty-report)
FNDA:0,(empty-report)
FNDA:0,(anonymous_0)
FNDA:0,(anonymous_1)
FNDA:0,(anonymous_2)
FNDA:0,(anonymous_3)
FNDA:0,(anonymous_4)
FNDA:0,(anonymous_5)
FNDA:0,(anonymous_6)
FNDA:0,(anonymous_7)
FNDA:0,(anonymous_8)
FNDA:0,(anonymous_9)
FNF:11
FNH:0
BRDA:1,0,0,0
BRF:67
BRH:0
DA:1,0
DA:2,0
DA:3,0
DA:4,0
DA:5,0
DA:6,0
DA:7,0
DA:8,0
DA:9,0
DA:10,0
DA:11,0
DA:12,0
DA:13,0
DA:14,0
DA:15,0
DA:16,0
DA:17,0
DA:18,0
DA:19,0
DA:20,0
DA:21,0
DA:22,0
DA:23,0
DA:24,0
DA:25,0
DA:26,0
DA:27,0
DA:28,0
DA:29,0
DA:30,0
DA:31,0
DA:32,0
DA:33,0
DA:34,0
DA:35,0
DA:36,0
DA:37,0
DA:38,0
DA:39,0
DA:40,0
DA:41,0
DA:42,0
DA:43,0
DA:44,0
DA:45,0
DA:46,0
DA:47,0
DA:48,0
DA:49,0
DA:50,0
DA:51,0
DA:52,0
DA:53,0
DA:54,0
DA:55,0
DA:56,0
DA:57,0
DA:58,0
DA:59,0
DA:60,0
DA:61,0
DA:62,0
DA:63,0
DA:64,0
DA:65,0
DA:66,0
DA:67,0
DA:68,0
DA:69,0
DA:70,0
DA:71,0
DA:72,0
DA:73,0
DA:74,0
DA:75,0
DA:76,0
DA:77,0
DA:78,0
DA:79,0
DA:80,0
DA:81,0
DA:82,0
DA:83,0
DA:84,0
DA:85,0
DA:86,0
DA:87,0
DA:88,0
DA:89,0
DA:90,0
DA:91,0
DA:92,0
DA:93,0
DA:94,0
DA:95,0
DA:96,0
DA:97,0
DA:98,0
DA:99,0
DA:100,0
DA:101,0
DA:102,0
DA:103,0
DA:104,0
DA:105,0
DA:106,0
DA:107,0
DA:108,0
DA:109,0
DA:110,0
DA:111,0
DA:112,0
DA:113,0
DA:114,0
DA:115,0
DA:116,0
DA:117,0
DA:118,0
DA:119,0
DA:120,0
DA:121,0
DA:122,0
DA:123,0
DA:124,0
DA:125,0
DA:126,0
DA:127,0
DA:128,0
DA:129,0
DA:130,0
DA:131,0
DA:132,0
DA:133,0
DA:134,0
DA:135,0
DA:136,0
DA:137,0
DA:138,0
DA:139,0
DA:140,0
DA:141,0
DA:142,0
DA:143,0
DA:144,0
DA:145,0
DA:146,0
DA:147,0
DA:148,0
DA:149,0
DA:150,0
DA:151,0
DA:152,0
DA:153,0
DA:154,0
DA:155,0
DA:156,0
DA:157,0
DA:158,0
DA:159,0
DA:160,0
DA:161,0
DA:162,0
DA:163,0
DA:164,0
DA:165,0
DA:166,0
DA:167,0
DA:168,0
DA:169,0
DA:170,0
DA:171,0
DA:172,0
DA:173,0
DA:174,0
DA:175,0
DA:176,0
DA:177,0
DA:178,0
DA:179,0
DA:180,0
DA:181,0
DA:182,0
DA:183,0
DA:184,0
DA:185,0
DA:186,0
DA:187,0
DA:188,0
DA:189,0
DA:190,0
DA:191,0
DA:192,0
DA:193,0
DA:194,0
DA:195,0
DA:196,0
DA:197,0
DA:198,0
DA:199,0
DA:200,0
DA:201,0
DA:202,0
DA:203,0
DA:204,0
DA:205,0
DA:206,0
DA:207,0
DA:208,0
DA:209,0
DA:210,0
DA:211,0
DA:212,0
DA:213,0
DA:214,0
DA:215,0
DA:216,0
DA:217,0
DA:218,0
DA:219,0
DA:220,0
DA:221,0
DA:222,0
DA:223,0
DA:224,0
DA:225,0
DA:226,0
DA:227,0
DA:228,0
DA:229,0
DA:230,0
DA:231,0
DA:232,0
DA:233,0
DA:234,0
DA:235,0
DA:236,0
DA:237,0
DA:238,0
DA:239,0
DA:240,0
DA:241,0
DA:242,0
DA:243,0
DA:244,0
DA:245,0
DA:246,0
DA:247,0
DA:248,0
DA:249,0
DA:250,0
DA:251,0
DA:252,0
DA:253,0
DA:254,0
DA:255,0
DA:256,0
DA:257,0
DA:258,0
DA:259,0
DA:260,0
DA:261,0
DA:262,0
DA:263,0
DA:264,0
DA:265,0
DA:266,0
DA:267,0
DA:268,0
DA:269,0
DA:270,0
DA:271,0
DA:272,0
DA:273,0
DA:274,0
DA:275,0
DA:276,0
DA:277,0
DA:278,0
DA:279,0
DA:280,0
DA:281,0
DA:282,0
DA:283,0
DA:284,0
DA:285,0
DA:286,0
DA:287,0
DA:288,0
DA:289,0
DA:290,0
DA:291,0
DA:292,0
DA:293,0
DA:294,0
DA:295,0
DA:296,0
DA:297,0
DA:298,0
DA:299,0
DA:300,0
DA:301,0
DA:302,0
DA:303,0
LF:303
LH:0
end_of_record
TN:
SF:src/production-setup.js
FN:1,(empty-report)
FNDA:0,(empty-report)
FNDA:0,setupProductionServices
FNDA:0,setupInfrastructureServices
FNDA:0,(anonymous_2)
FNDA:0,(anonymous_3)
FNDA:0,(anonymous_4)
FNDA:0,setupExternalServices
FNDA:0,(anonymous_6)
FNDA:0,(anonymous_7)
FNDA:0,(anonymous_8)
FNDA:0,(anonymous_9)
FNDA:0,(anonymous_10)
FNDA:0,setupCoreServices
FNDA:0,(anonymous_12)
FNDA:0,(anonymous_13)
FNDA:0,(anonymous_14)
FNDA:0,(anonymous_15)
FNDA:0,(anonymous_16)
FNDA:0,(anonymous_17)
FNDA:0,(anonymous_18)
FNDA:0,setupApplicationServices
FNDA:0,(anonymous_20)
FNDA:0,(anonymous_21)
FNDA:0,(anonymous_22)
FNDA:0,(anonymous_23)
FNDA:0,(anonymous_24)
FNDA:0,setupLogging
FNDA:0,(anonymous_26)
FNDA:0,setupDiscordLogging
FNDA:0,setupWebhookEndpoints
FNDA:0,(anonymous_29)
FNDA:0,(anonymous_30)
FNDA:0,(anonymous_31)
FNDA:0,(anonymous_32)
FNDA:0,createShutdownHandler
FNDA:0,(anonymous_34)
FNF:36
FNH:0
BRDA:1,0,0,0
BRF:21
BRH:0
DA:1,0
DA:2,0
DA:3,0
DA:4,0
DA:5,0
DA:6,0
DA:7,0
DA:8,0
DA:9,0
DA:10,0
DA:11,0
DA:12,0
DA:13,0
DA:14,0
DA:15,0
DA:16,0
DA:17,0
DA:18,0
DA:19,0
DA:20,0
DA:21,0
DA:22,0
DA:23,0
DA:24,0
DA:25,0
DA:26,0
DA:27,0
DA:28,0
DA:29,0
DA:30,0
DA:31,0
DA:32,0
DA:33,0
DA:34,0
DA:35,0
DA:36,0
DA:37,0
DA:38,0
DA:39,0
DA:40,0
DA:41,0
DA:42,0
DA:43,0
DA:44,0
DA:45,0
DA:46,0
DA:47,0
DA:48,0
DA:49,0
DA:50,0
DA:51,0
DA:52,0
DA:53,0
DA:54,0
DA:55,0
DA:56,0
DA:57,0
DA:58,0
DA:59,0
DA:60,0
DA:61,0
DA:62,0
DA:63,0
DA:64,0
DA:65,0
DA:66,0
DA:67,0
DA:68,0
DA:69,0
DA:70,0
DA:71,0
DA:72,0
DA:73,0
DA:74,0
DA:75,0
DA:76,0
DA:77,0
DA:78,0
DA:79,0
DA:80,0
DA:81,0
DA:82,0
DA:83,0
DA:84,0
DA:85,0
DA:86,0
DA:87,0
DA:88,0
DA:89,0
DA:90,0
DA:91,0
DA:92,0
DA:93,0
DA:94,0
DA:95,0
DA:96,0
DA:97,0
DA:98,0
DA:99,0
DA:100,0
DA:101,0
DA:102,0
DA:103,0
DA:104,0
DA:105,0
DA:106,0
DA:107,0
DA:108,0
DA:109,0
DA:110,0
DA:111,0
DA:112,0
DA:113,0
DA:114,0
DA:115,0
DA:116,0
DA:117,0
DA:118,0
DA:119,0
DA:120,0
DA:121,0
DA:122,0
DA:123,0
DA:124,0
DA:125,0
DA:126,0
DA:127,0
DA:128,0
DA:129,0
DA:130,0
DA:131,0
DA:132,0
DA:133,0
DA:134,0
DA:135,0
DA:136,0
DA:137,0
DA:138,0
DA:139,0
DA:140,0
DA:141,0
DA:142,0
DA:143,0
DA:144,0
DA:145,0
DA:146,0
DA:147,0
DA:148,0
DA:149,0
DA:150,0
DA:151,0
DA:152,0
DA:153,0
DA:154,0
DA:155,0
DA:156,0
DA:157,0
DA:158,0
DA:159,0
DA:160,0
DA:161,0
DA:162,0
DA:163,0
DA:164,0
DA:165,0
DA:166,0
DA:167,0
DA:168,0
DA:169,0
DA:170,0
DA:171,0
DA:172,0
DA:173,0
DA:174,0
DA:175,0
DA:176,0
DA:177,0
DA:178,0
DA:179,0
DA:180,0
DA:181,0
DA:182,0
DA:183,0
DA:184,0
DA:185,0
DA:186,0
DA:187,0
DA:188,0
DA:189,0
DA:190,0
DA:191,0
DA:192,0
DA:193,0
DA:194,0
DA:195,0
DA:196,0
DA:197,0
DA:198,0
DA:199,0
DA:200,0
DA:201,0
DA:202,0
DA:203,0
DA:204,0
DA:205,0
DA:206,0
DA:207,0
DA:208,0
DA:209,0
DA:210,0
DA:211,0
DA:212,0
DA:213,0
DA:214,0
DA:215,0
DA:216,0
DA:217,0
DA:218,0
DA:219,0
DA:220,0
DA:221,0
DA:222,0
DA:223,0
DA:224,0
DA:225,0
DA:226,0
DA:227,0
DA:228,0
DA:229,0
DA:230,0
DA:231,0
DA:232,0
DA:233,0
DA:234,0
DA:235,0
DA:236,0
DA:237,0
DA:238,0
DA:239,0
DA:240,0
DA:241,0
DA:242,0
DA:243,0
DA:244,0
DA:245,0
DA:246,0
DA:247,0
DA:248,0
DA:249,0
DA:250,0
DA:251,0
DA:252,0
DA:253,0
DA:254,0
DA:255,0
DA:256,0
DA:257,0
DA:258,0
DA:259,0
DA:260,0
DA:261,0
DA:262,0
DA:263,0
DA:264,0
DA:265,0
DA:266,0
DA:267,0
DA:268,0
DA:269,0
DA:270,0
DA:271,0
DA:272,0
DA:273,0
DA:274,0
DA:275,0
DA:276,0
DA:277,0
DA:278,0
DA:279,0
DA:280,0
DA:281,0
DA:282,0
DA:283,0
DA:284,0
DA:285,0
DA:286,0
DA:287,0
DA:288,0
DA:289,0
DA:290,0
DA:291,0
DA:292,0
DA:293,0
DA:294,0
DA:295,0
DA:296,0
DA:297,0
DA:298,0
DA:299,0
DA:300,0
DA:301,0
DA:302,0
DA:303,0
DA:304,0
DA:305,0
DA:306,0
DA:307,0
DA:308,0
DA:309,0
DA:310,0
DA:311,0
DA:312,0
DA:313,0
DA:314,0
DA:315,0
DA:316,0
DA:317,0
DA:318,0
DA:319,0
DA:320,0
DA:321,0
DA:322,0
DA:323,0
DA:324,0
DA:325,0
DA:326,0
DA:327,0
DA:328,0
DA:329,0
DA:330,0
DA:331,0
DA:332,0
DA:333,0
DA:334,0
DA:335,0
DA:336,0
DA:337,0
DA:338,0
DA:339,0
DA:340,0
DA:341,0
DA:342,0
DA:343,0
DA:344,0
DA:345,0
DA:346,0
DA:347,0
DA:348,0
DA:349,0
DA:350,0
DA:351,0
DA:352,0
DA:353,0
DA:354,0
DA:355,0
DA:356,0
DA:357,0
DA:358,0
DA:359,0
DA:360,0
DA:361,0
DA:362,0
DA:363,0
DA:364,0
DA:365,0
DA:366,0
DA:367,0
DA:368,0
DA:369,0
DA:370,0
DA:371,0
DA:372,0
DA:373,0
DA:374,0
DA:375,0
DA:376,0
DA:377,0
DA:378,0
DA:379,0
DA:380,0
DA:381,0
DA:382,0
DA:383,0
DA:384,0
DA:385,0
DA:386,0
DA:387,0
DA:388,0
DA:389,0
DA:390,0
DA:391,0
DA:392,0
DA:393,0
DA:394,0
DA:395,0
DA:396,0
DA:397,0
DA:398,0
DA:399,0
DA:400,0
DA:401,0
DA:402,0
DA:403,0
DA:404,0
DA:405,0
DA:406,0
DA:407,0
DA:408,0
DA:409,0
DA:410,0
DA:411,0
DA:412,0
DA:413,0
DA:414,0
DA:415,0
DA:416,0
DA:417,0
DA:418,0
DA:419,0
DA:420,0
DA:421,0
DA:422,0
DA:423,0
DA:424,0
DA:425,0
DA:426,0
DA:427,0
DA:428,0
DA:429,0
DA:430,0
DA:431,0
DA:432,0
DA:433,0
DA:434,0
DA:435,0
DA:436,0
DA:437,0
DA:438,0
DA:439,0
DA:440,0
DA:441,0
DA:442,0
DA:443,0
DA:444,0
DA:445,0
DA:446,0
DA:447,0
DA:448,0
DA:449,0
DA:450,0
DA:451,0
DA:452,0
DA:453,0
DA:454,0
DA:455,0
DA:456,0
DA:457,0
DA:458,0
DA:459,0
DA:460,0
DA:461,0
DA:462,0
DA:463,0
DA:464,0
DA:465,0
DA:466,0
DA:467,0
DA:468,0
DA:469,0
DA:470,0
DA:471,0
DA:472,0
DA:473,0
DA:474,0
DA:475,0
DA:476,0
DA:477,0
DA:478,0
DA:479,0
DA:480,0
DA:481,0
DA:482,0
DA:483,0
DA:484,0
DA:485,0
DA:486,0
DA:487,0
DA:488,0
DA:489,0
DA:490,0
DA:491,0
DA:492,0
DA:493,0
DA:494,0
DA:495,0
DA:496,0
DA:497,0
DA:498,0
DA:499,0
DA:500,0
DA:501,0
DA:502,0
DA:503,0
DA:504,0
DA:505,0
DA:506,0
DA:507,0
DA:508,0
DA:509,0
DA:510,0
DA:511,0
DA:512,0
DA:513,0
DA:514,0
DA:515,0
DA:516,0
DA:517,0
DA:518,0
DA:519,0
DA:520,0
DA:521,0
DA:522,0
DA:523,0
DA:524,0
DA:525,0
DA:526,0
DA:527,0
DA:528,0
DA:529,0
DA:530,0
DA:531,0
DA:532,0
LF:532
LH:0
end_of_record
TN:
SF:src/rate-limiter.js
FN:11,CommandRateLimit
FN:23,isAllowed
FN:53,cleanup
FN:67,getRemainingTime
FN:80,getUserCount
FN:98,getStats
FN:111,resetUser
FN:118,resetAll
FN:126,setCleanupThreshold
FN:136,createWebhookLimiter
FN:153,createGeneralLimiter
FN:170,createStrictLimiter
FN:187,createSecureRateLimiter
FN:216,createCommandRateLimiter
FNDA:81,CommandRateLimit
FNDA:40,isAllowed
FNDA:3,cleanup
FNDA:0,getRemainingTime
FNDA:0,getUserCount
FNDA:4,getStats
FNDA:0,resetUser
FNDA:0,resetAll
FNDA:0,setCleanupThreshold
FNDA:1,createWebhookLimiter
FNDA:1,createGeneralLimiter
FNDA:1,createStrictLimiter
FNDA:0,createSecureRateLimiter
FNDA:1,createCommandRateLimiter
FNDA:1,(anonymous_0)
FNDA:1000,(anonymous_1)
FNDA:0,(anonymous_2)
FNDA:0,(anonymous_3)
FNDA:0,(anonymous_4)
FNDA:0,(anonymous_5)
FNDA:0,(anonymous_6)
FNDA:0,(anonymous_7)
FNDA:0,(anonymous_8)
FNDA:0,(anonymous_13)
FNF:24
FNH:10
BRDA:11,0,0,81
BRDA:23,1,0,40
BRDA:25,2,0,16
BRDA:28,3,0,1
BRDA:34,4,0,6
BRDA:36,5,0,34
BRDA:43,6,0,2
BRDA:45,7,0,34
BRDA:53,8,0,3
BRDA:55,9,0,10
BRDA:56,10,0,6
BRDA:98,11,0,4
BRDA:136,12,0,1
BRDA:153,13,0,1
BRDA:170,14,0,1
BRDA:216,15,0,1
BRF:50
BRH:29
DA:1,1
DA:2,1
DA:3,1
DA:4,1
DA:5,1
DA:6,1
DA:7,1
DA:8,1
DA:9,1
DA:10,1
DA:11,1
DA:12,81
DA:13,81
DA:14,81
DA:15,81
DA:16,81
DA:17,1
DA:18,1
DA:19,1
DA:20,1
DA:21,1
DA:22,1
DA:23,1
DA:24,1000
DA:25,1000
DA:26,40
DA:27,40
DA:28,1000
DA:29,1
DA:30,1
DA:31,1
DA:32,40
DA:33,40
DA:34,1000
DA:35,500
DA:36,6
DA:37,34
DA:38,34
DA:39,500
DA:40,500
DA:41,34
DA:42,34
DA:43,500
DA:44,2
DA:45,2
DA:46,34
DA:47,500
DA:48,34
DA:49,1
DA:50,1
DA:51,1
DA:52,1
DA:53,1
DA:54,3
DA:55,3
DA:56,10
DA:57,6
DA:58,6
DA:59,10
DA:60,3
DA:61,1
DA:62,1
DA:63,1
DA:64,1
DA:65,1
DA:66,1
DA:67,1
DA:68,0
DA:69,0
DA:70,0
DA:71,0
DA:72,0
DA:73,0
DA:74,1
DA:75,1
DA:76,1
DA:77,1
DA:78,1
DA:79,1
DA:80,1
DA:81,0
DA:82,0
DA:83,0
DA:84,0
DA:85,0
DA:86,0
DA:87,0
DA:88,0
DA:89,0
DA:90,0
DA:91,0
DA:92,0
DA:93,1
DA:94,1
DA:95,1
DA:96,1
DA:97,1
DA:98,1
DA:99,4
DA:100,4
DA:101,4
DA:102,4
DA:103,4
DA:104,4
DA:105,4
DA:106,1
DA:107,1
DA:108,1
DA:109,1
DA:110,1
DA:111,1
DA:112,0
DA:113,0
DA:114,1
DA:115,1
DA:116,1
DA:117,1
DA:118,1
DA:119,0
DA:120,0
DA:121,1
DA:122,1
DA:123,1
DA:124,1
DA:125,1
DA:126,1
DA:127,0
DA:128,0
DA:129,1
DA:130,1
DA:131,1
DA:132,1
DA:133,1
DA:134,1
DA:135,1
DA:136,1
DA:137,1
DA:138,1
DA:139,1
DA:140,1
DA:141,1
DA:142,1
DA:143,1
DA:144,1
DA:145,1
DA:146,1
DA:147,1
DA:148,1
DA:149,1
DA:150,1
DA:151,1
DA:152,1
DA:153,1
DA:154,1
DA:155,1
DA:156,1
DA:157,1
DA:158,1
DA:159,1
DA:160,1
DA:161,1
DA:162,1
DA:163,1
DA:164,1
DA:165,1
DA:166,1
DA:167,1
DA:168,1
DA:169,1
DA:170,1
DA:171,1
DA:172,1
DA:173,1
DA:174,1
DA:175,1
DA:176,1
DA:177,1
DA:178,1
DA:179,1
DA:180,1
DA:181,1
DA:182,1
DA:183,1
DA:184,1
DA:185,1
DA:186,1
DA:187,1
DA:188,0
DA:189,0
DA:190,0
DA:191,0
DA:192,0
DA:193,0
DA:194,0
DA:195,0
DA:196,0
DA:197,0
DA:198,0
DA:199,0
DA:200,0
DA:201,0
DA:202,0
DA:203,0
DA:204,0
DA:205,0
DA:206,0
DA:207,0
DA:208,0
DA:209,0
DA:210,1
DA:211,1
DA:212,1
DA:213,1
DA:214,1
DA:215,1
DA:216,1
DA:217,1
DA:218,1
DA:219,1
LF:219
LH:173
end_of_record
TN:
SF:src/youtube-scraper-service.js
FN:1,(empty-report)
FNDA:0,(empty-report)
FNDA:0,(anonymous_0)
FNDA:0,(anonymous_1)
FNDA:0,(anonymous_2)
FNDA:0,(anonymous_3)
FNDA:0,(anonymous_4)
FNDA:0,(anonymous_5)
FNDA:0,(anonymous_6)
FNDA:0,(anonymous_7)
FNDA:0,(anonymous_8)
FNDA:0,(anonymous_9)
FNDA:0,(anonymous_10)
FNDA:0,(anonymous_11)
FNDA:0,(anonymous_12)
FNDA:0,(anonymous_13)
FNDA:0,(anonymous_14)
FNDA:0,(anonymous_15)
FNDA:0,(anonymous_16)
FNDA:0,(anonymous_17)
FNDA:0,(anonymous_18)
FNDA:0,(anonymous_19)
FNDA:0,(anonymous_20)
FNDA:0,(anonymous_21)
FNDA:0,(anonymous_22)
FNDA:0,(anonymous_23)
FNDA:0,(anonymous_24)
FNDA:0,(anonymous_25)
FNDA:0,(anonymous_26)
FNDA:0,(anonymous_27)
FNDA:0,(anonymous_28)
FNDA:0,(anonymous_29)
FNDA:0,(anonymous_30)
FNDA:0,(anonymous_31)
FNDA:0,(anonymous_32)
FNF:34
FNH:0
BRDA:1,0,0,0
BRF:141
BRH:0
DA:1,0
DA:2,0
DA:3,0
DA:4,0
DA:5,0
DA:6,0
DA:7,0
DA:8,0
DA:9,0
DA:10,0
DA:11,0
DA:12,0
DA:13,0
DA:14,0
DA:15,0
DA:16,0
DA:17,0
DA:18,0
DA:19,0
DA:20,0
DA:21,0
DA:22,0
DA:23,0
DA:24,0
DA:25,0
DA:26,0
DA:27,0
DA:28,0
DA:29,0
DA:30,0
DA:31,0
DA:32,0
DA:33,0
DA:34,0
DA:35,0
DA:36,0
DA:37,0
DA:38,0
DA:39,0
DA:40,0
DA:41,0
DA:42,0
DA:43,0
DA:44,0
DA:45,0
DA:46,0
DA:47,0
DA:48,0
DA:49,0
DA:50,0
DA:51,0
DA:52,0
DA:53,0
DA:54,0
DA:55,0
DA:56,0
DA:57,0
DA:58,0
DA:59,0
DA:60,0
DA:61,0
DA:62,0
DA:63,0
DA:64,0
DA:65,0
DA:66,0
DA:67,0
DA:68,0
DA:69,0
DA:70,0
DA:71,0
DA:72,0
DA:73,0
DA:74,0
DA:75,0
DA:76,0
DA:77,0
DA:78,0
DA:79,0
DA:80,0
DA:81,0
DA:82,0
DA:83,0
DA:84,0
DA:85,0
DA:86,0
DA:87,0
DA:88,0
DA:89,0
DA:90,0
DA:91,0
DA:92,0
DA:93,0
DA:94,0
DA:95,0
DA:96,0
DA:97,0
DA:98,0
DA:99,0
DA:100,0
DA:101,0
DA:102,0
DA:103,0
DA:104,0
DA:105,0
DA:106,0
DA:107,0
DA:108,0
DA:109,0
DA:110,0
DA:111,0
DA:112,0
DA:113,0
DA:114,0
DA:115,0
DA:116,0
DA:117,0
DA:118,0
DA:119,0
DA:120,0
DA:121,0
DA:122,0
DA:123,0
DA:124,0
DA:125,0
DA:126,0
DA:127,0
DA:128,0
DA:129,0
DA:130,0
DA:131,0
DA:132,0
DA:133,0
DA:134,0
DA:135,0
DA:136,0
DA:137,0
DA:138,0
DA:139,0
DA:140,0
DA:141,0
DA:142,0
DA:143,0
DA:144,0
DA:145,0
DA:146,0
DA:147,0
DA:148,0
DA:149,0
DA:150,0
DA:151,0
DA:152,0
DA:153,0
DA:154,0
DA:155,0
DA:156,0
DA:157,0
DA:158,0
DA:159,0
DA:160,0
DA:161,0
DA:162,0
DA:163,0
DA:164,0
DA:165,0
DA:166,0
DA:167,0
DA:168,0
DA:169,0
DA:170,0
DA:171,0
DA:172,0
DA:173,0
DA:174,0
DA:175,0
DA:176,0
DA:177,0
DA:178,0
DA:179,0
DA:180,0
DA:181,0
DA:182,0
DA:183,0
DA:184,0
DA:185,0
DA:186,0
DA:187,0
DA:188,0
DA:189,0
DA:190,0
DA:191,0
DA:192,0
DA:193,0
DA:194,0
DA:195,0
DA:196,0
DA:197,0
DA:198,0
DA:199,0
DA:200,0
DA:201,0
DA:202,0
DA:203,0
DA:204,0
DA:205,0
DA:206,0
DA:207,0
DA:208,0
DA:209,0
DA:210,0
DA:211,0
DA:212,0
DA:213,0
DA:214,0
DA:215,0
DA:216,0
DA:217,0
DA:218,0
DA:219,0
DA:220,0
DA:221,0
DA:222,0
DA:223,0
DA:224,0
DA:225,0
DA:226,0
DA:227,0
DA:228,0
DA:229,0
DA:230,0
DA:231,0
DA:232,0
DA:233,0
DA:234,0
DA:235,0
DA:236,0
DA:237,0
DA:238,0
DA:239,0
DA:240,0
DA:241,0
DA:242,0
DA:243,0
DA:244,0
DA:245,0
DA:246,0
DA:247,0
DA:248,0
DA:249,0
DA:250,0
DA:251,0
DA:252,0
DA:253,0
DA:254,0
DA:255,0
DA:256,0
DA:257,0
DA:258,0
DA:259,0
DA:260,0
DA:261,0
DA:262,0
DA:263,0
DA:264,0
DA:265,0
DA:266,0
DA:267,0
DA:268,0
DA:269,0
DA:270,0
DA:271,0
DA:272,0
DA:273,0
DA:274,0
DA:275,0
DA:276,0
DA:277,0
DA:278,0
DA:279,0
DA:280,0
DA:281,0
DA:282,0
DA:283,0
DA:284,0
DA:285,0
DA:286,0
DA:287,0
DA:288,0
DA:289,0
DA:290,0
DA:291,0
DA:292,0
DA:293,0
DA:294,0
DA:295,0
DA:296,0
DA:297,0
DA:298,0
DA:299,0
DA:300,0
DA:301,0
DA:302,0
DA:303,0
DA:304,0
DA:305,0
DA:306,0
DA:307,0
DA:308,0
DA:309,0
DA:310,0
DA:311,0
DA:312,0
DA:313,0
DA:314,0
DA:315,0
DA:316,0
DA:317,0
DA:318,0
DA:319,0
DA:320,0
DA:321,0
DA:322,0
DA:323,0
DA:324,0
DA:325,0
DA:326,0
DA:327,0
DA:328,0
DA:329,0
DA:330,0
DA:331,0
DA:332,0
DA:333,0
DA:334,0
DA:335,0
DA:336,0
DA:337,0
DA:338,0
DA:339,0
DA:340,0
DA:341,0
DA:342,0
DA:343,0
DA:344,0
DA:345,0
DA:346,0
DA:347,0
DA:348,0
DA:349,0
DA:350,0
DA:351,0
DA:352,0
DA:353,0
DA:354,0
DA:355,0
DA:356,0
DA:357,0
DA:358,0
DA:359,0
DA:360,0
DA:361,0
DA:362,0
DA:363,0
DA:364,0
DA:365,0
DA:366,0
DA:367,0
DA:368,0
DA:369,0
DA:370,0
DA:371,0
DA:372,0
DA:373,0
DA:374,0
DA:375,0
DA:376,0
DA:377,0
DA:378,0
DA:379,0
DA:380,0
DA:381,0
DA:382,0
DA:383,0
DA:384,0
DA:385,0
DA:386,0
DA:387,0
DA:388,0
DA:389,0
DA:390,0
DA:391,0
DA:392,0
DA:393,0
DA:394,0
DA:395,0
DA:396,0
DA:397,0
DA:398,0
DA:399,0
DA:400,0
DA:401,0
DA:402,0
DA:403,0
DA:404,0
DA:405,0
DA:406,0
DA:407,0
DA:408,0
DA:409,0
DA:410,0
DA:411,0
DA:412,0
DA:413,0
DA:414,0
DA:415,0
DA:416,0
DA:417,0
DA:418,0
DA:419,0
DA:420,0
DA:421,0
DA:422,0
DA:423,0
DA:424,0
DA:425,0
DA:426,0
DA:427,0
DA:428,0
DA:429,0
DA:430,0
DA:431,0
DA:432,0
DA:433,0
DA:434,0
DA:435,0
DA:436,0
DA:437,0
DA:438,0
DA:439,0
DA:440,0
DA:441,0
DA:442,0
DA:443,0
DA:444,0
DA:445,0
DA:446,0
DA:447,0
DA:448,0
DA:449,0
DA:450,0
DA:451,0
DA:452,0
DA:453,0
DA:454,0
DA:455,0
DA:456,0
DA:457,0
DA:458,0
DA:459,0
DA:460,0
DA:461,0
DA:462,0
DA:463,0
DA:464,0
DA:465,0
DA:466,0
DA:467,0
DA:468,0
DA:469,0
DA:470,0
DA:471,0
DA:472,0
DA:473,0
DA:474,0
DA:475,0
DA:476,0
DA:477,0
DA:478,0
DA:479,0
DA:480,0
DA:481,0
DA:482,0
DA:483,0
DA:484,0
DA:485,0
DA:486,0
DA:487,0
DA:488,0
DA:489,0
DA:490,0
DA:491,0
DA:492,0
DA:493,0
DA:494,0
DA:495,0
DA:496,0
DA:497,0
DA:498,0
DA:499,0
DA:500,0
DA:501,0
DA:502,0
DA:503,0
DA:504,0
DA:505,0
DA:506,0
DA:507,0
DA:508,0
DA:509,0
DA:510,0
DA:511,0
DA:512,0
DA:513,0
DA:514,0
DA:515,0
DA:516,0
DA:517,0
DA:518,0
DA:519,0
DA:520,0
DA:521,0
DA:522,0
DA:523,0
DA:524,0
DA:525,0
DA:526,0
DA:527,0
DA:528,0
DA:529,0
DA:530,0
DA:531,0
DA:532,0
DA:533,0
DA:534,0
DA:535,0
DA:536,0
DA:537,0
DA:538,0
DA:539,0
DA:540,0
DA:541,0
DA:542,0
DA:543,0
DA:544,0
DA:545,0
DA:546,0
DA:547,0
DA:548,0
DA:549,0
DA:550,0
DA:551,0
DA:552,0
DA:553,0
DA:554,0
DA:555,0
DA:556,0
DA:557,0
DA:558,0
DA:559,0
DA:560,0
DA:561,0
DA:562,0
DA:563,0
DA:564,0
DA:565,0
DA:566,0
DA:567,0
DA:568,0
DA:569,0
DA:570,0
DA:571,0
DA:572,0
DA:573,0
DA:574,0
DA:575,0
DA:576,0
DA:577,0
DA:578,0
DA:579,0
DA:580,0
DA:581,0
DA:582,0
DA:583,0
DA:584,0
DA:585,0
DA:586,0
DA:587,0
DA:588,0
DA:589,0
DA:590,0
DA:591,0
DA:592,0
DA:593,0
DA:594,0
DA:595,0
DA:596,0
DA:597,0
DA:598,0
DA:599,0
DA:600,0
DA:601,0
DA:602,0
DA:603,0
DA:604,0
DA:605,0
DA:606,0
DA:607,0
DA:608,0
DA:609,0
DA:610,0
DA:611,0
DA:612,0
DA:613,0
DA:614,0
DA:615,0
DA:616,0
DA:617,0
DA:618,0
DA:619,0
DA:620,0
DA:621,0
DA:622,0
DA:623,0
DA:624,0
DA:625,0
DA:626,0
DA:627,0
DA:628,0
DA:629,0
DA:630,0
DA:631,0
DA:632,0
DA:633,0
DA:634,0
DA:635,0
DA:636,0
DA:637,0
DA:638,0
DA:639,0
DA:640,0
DA:641,0
DA:642,0
DA:643,0
DA:644,0
DA:645,0
DA:646,0
DA:647,0
DA:648,0
DA:649,0
DA:650,0
DA:651,0
DA:652,0
DA:653,0
DA:654,0
DA:655,0
DA:656,0
DA:657,0
DA:658,0
DA:659,0
DA:660,0
DA:661,0
DA:662,0
DA:663,0
DA:664,0
DA:665,0
DA:666,0
DA:667,0
DA:668,0
DA:669,0
DA:670,0
DA:671,0
DA:672,0
DA:673,0
DA:674,0
DA:675,0
DA:676,0
DA:677,0
DA:678,0
DA:679,0
DA:680,0
DA:681,0
DA:682,0
DA:683,0
DA:684,0
DA:685,0
DA:686,0
DA:687,0
DA:688,0
DA:689,0
DA:690,0
DA:691,0
DA:692,0
DA:693,0
DA:694,0
DA:695,0
DA:696,0
DA:697,0
DA:698,0
DA:699,0
DA:700,0
DA:701,0
DA:702,0
DA:703,0
DA:704,0
DA:705,0
DA:706,0
DA:707,0
DA:708,0
DA:709,0
DA:710,0
DA:711,0
DA:712,0
DA:713,0
DA:714,0
DA:715,0
DA:716,0
DA:717,0
DA:718,0
DA:719,0
DA:720,0
DA:721,0
DA:722,0
DA:723,0
DA:724,0
DA:725,0
DA:726,0
DA:727,0
DA:728,0
DA:729,0
DA:730,0
DA:731,0
DA:732,0
DA:733,0
DA:734,0
DA:735,0
DA:736,0
DA:737,0
DA:738,0
DA:739,0
DA:740,0
DA:741,0
DA:742,0
DA:743,0
DA:744,0
DA:745,0
DA:746,0
DA:747,0
DA:748,0
DA:749,0
DA:750,0
DA:751,0
DA:752,0
DA:753,0
DA:754,0
DA:755,0
DA:756,0
DA:757,0
DA:758,0
DA:759,0
DA:760,0
DA:761,0
DA:762,0
DA:763,0
DA:764,0
DA:765,0
DA:766,0
DA:767,0
DA:768,0
DA:769,0
DA:770,0
DA:771,0
DA:772,0
DA:773,0
DA:774,0
DA:775,0
DA:776,0
DA:777,0
DA:778,0
DA:779,0
DA:780,0
DA:781,0
DA:782,0
DA:783,0
DA:784,0
DA:785,0
DA:786,0
DA:787,0
DA:788,0
DA:789,0
DA:790,0
DA:791,0
DA:792,0
DA:793,0
DA:794,0
DA:795,0
DA:796,0
DA:797,0
DA:798,0
DA:799,0
DA:800,0
DA:801,0
DA:802,0
DA:803,0
DA:804,0
DA:805,0
DA:806,0
DA:807,0
DA:808,0
DA:809,0
DA:810,0
DA:811,0
DA:812,0
DA:813,0
DA:814,0
DA:815,0
DA:816,0
DA:817,0
DA:818,0
DA:819,0
DA:820,0
DA:821,0
DA:822,0
DA:823,0
DA:824,0
DA:825,0
DA:826,0
DA:827,0
DA:828,0
DA:829,0
DA:830,0
DA:831,0
DA:832,0
DA:833,0
DA:834,0
DA:835,0
DA:836,0
DA:837,0
DA:838,0
DA:839,0
DA:840,0
DA:841,0
DA:842,0
DA:843,0
DA:844,0
DA:845,0
DA:846,0
DA:847,0
DA:848,0
DA:849,0
DA:850,0
DA:851,0
DA:852,0
DA:853,0
DA:854,0
DA:855,0
DA:856,0
DA:857,0
DA:858,0
DA:859,0
DA:860,0
DA:861,0
DA:862,0
DA:863,0
DA:864,0
DA:865,0
DA:866,0
DA:867,0
DA:868,0
DA:869,0
DA:870,0
DA:871,0
DA:872,0
DA:873,0
DA:874,0
DA:875,0
DA:876,0
DA:877,0
DA:878,0
DA:879,0
DA:880,0
DA:881,0
DA:882,0
DA:883,0
DA:884,0
DA:885,0
DA:886,0
DA:887,0
DA:888,0
DA:889,0
DA:890,0
DA:891,0
DA:892,0
DA:893,0
DA:894,0
DA:895,0
DA:896,0
DA:897,0
DA:898,0
DA:899,0
DA:900,0
DA:901,0
DA:902,0
DA:903,0
DA:904,0
DA:905,0
DA:906,0
DA:907,0
DA:908,0
DA:909,0
DA:910,0
DA:911,0
DA:912,0
DA:913,0
DA:914,0
DA:915,0
DA:916,0
DA:917,0
DA:918,0
DA:919,0
DA:920,0
DA:921,0
DA:922,0
DA:923,0
DA:924,0
DA:925,0
DA:926,0
DA:927,0
DA:928,0
DA:929,0
DA:930,0
DA:931,0
DA:932,0
DA:933,0
DA:934,0
DA:935,0
DA:936,0
DA:937,0
DA:938,0
DA:939,0
DA:940,0
DA:941,0
DA:942,0
DA:943,0
DA:944,0
DA:945,0
DA:946,0
DA:947,0
DA:948,0
DA:949,0
DA:950,0
DA:951,0
DA:952,0
DA:953,0
DA:954,0
DA:955,0
DA:956,0
DA:957,0
DA:958,0
DA:959,0
DA:960,0
DA:961,0
DA:962,0
DA:963,0
DA:964,0
DA:965,0
DA:966,0
DA:967,0
DA:968,0
DA:969,0
DA:970,0
DA:971,0
DA:972,0
DA:973,0
DA:974,0
DA:975,0
DA:976,0
DA:977,0
DA:978,0
DA:979,0
DA:980,0
DA:981,0
DA:982,0
DA:983,0
DA:984,0
DA:985,0
DA:986,0
DA:987,0
DA:988,0
DA:989,0
DA:990,0
DA:991,0
DA:992,0
DA:993,0
DA:994,0
DA:995,0
DA:996,0
DA:997,0
DA:998,0
DA:999,0
DA:1000,0
DA:1001,0
DA:1002,0
DA:1003,0
DA:1004,0
DA:1005,0
DA:1006,0
DA:1007,0
DA:1008,0
DA:1009,0
DA:1010,0
DA:1011,0
DA:1012,0
DA:1013,0
DA:1014,0
DA:1015,0
DA:1016,0
DA:1017,0
DA:1018,0
DA:1019,0
DA:1020,0
DA:1021,0
DA:1022,0
DA:1023,0
DA:1024,0
DA:1025,0
DA:1026,0
DA:1027,0
DA:1028,0
DA:1029,0
DA:1030,0
DA:1031,0
DA:1032,0
DA:1033,0
DA:1034,0
DA:1035,0
DA:1036,0
DA:1037,0
DA:1038,0
DA:1039,0
DA:1040,0
DA:1041,0
DA:1042,0
DA:1043,0
DA:1044,0
DA:1045,0
DA:1046,0
DA:1047,0
DA:1048,0
DA:1049,0
DA:1050,0
DA:1051,0
DA:1052,0
DA:1053,0
DA:1054,0
DA:1055,0
DA:1056,0
LF:1056
LH:0
end_of_record
TN:
SF:src/application/auth-manager.js
FN:7,AuthManager
FN:30,ensureAuthenticated
FN:146,isRecoverableError
FN:168,delay
FN:176,loginToX
FN:223,clickNextButton
FN:232,clickLoginButton
FN:241,saveAuthenticationState
FN:260,isAuthenticated
FN:329,clearSensitiveData
FN:340,sanitizeErrorMessage
FN:366,validateCookieFormat
FNDA:51,AuthManager
FNDA:28,ensureAuthenticated
FNDA:4,isRecoverableError
FNDA:0,delay
FNDA:5,loginToX
FNDA:1,clickNextButton
FNDA:1,clickLoginButton
FNDA:6,saveAuthenticationState
FNDA:6,isAuthenticated
FNDA:10,clearSensitiveData
FNDA:8,sanitizeErrorMessage
FNDA:36,validateCookieFormat
FNDA:0,(anonymous_0)
FNDA:0,(anonymous_1)
FNDA:0,(anonymous_2)
FNDA:0,(anonymous_3)
FNDA:0,(anonymous_4)
FNDA:0,(anonymous_5)
FNDA:0,(anonymous_6)
FNDA:0,(anonymous_7)
FNDA:0,(anonymous_8)
FNDA:0,(anonymous_9)
FNDA:0,(anonymous_10)
FNDA:0,(anonymous_11)
FNDA:0,(anonymous_12)
FNDA:0,(anonymous_13)
FNDA:0,(anonymous_14)
FNDA:0,(anonymous_15)
FNDA:0,(anonymous_16)
FNDA:0,(anonymous_17)
FNDA:0,(anonymous_18)
FNF:31
FNH:11
BRDA:7,0,0,51
BRDA:30,1,0,28
BRDA:36,2,0,27
BRDA:36,3,0,1
BRDA:44,4,0,21
BRDA:44,5,0,17
BRDA:47,6,0,16
BRDA:47,7,0,14
BRDA:48,8,0,13
BRDA:50,9,0,9
BRDA:58,10,0,4
BRDA:62,11,0,0
BRDA:66,12,0,3
BRDA:73,13,0,5
BRDA:76,14,0,4
BRDA:84,15,0,9
BRDA:84,16,0,4
BRDA:88,17,0,1
BRDA:98,18,0,5
BRDA:101,19,0,4
BRDA:108,20,0,4
BRDA:112,21,0,0
BRDA:114,22,0,0
BRDA:132,23,0,0
BRDA:138,24,0,0
BRDA:146,25,0,4
BRDA:160,26,0,36
BRDA:176,27,0,5
BRDA:178,28,0,0
BRDA:187,29,0,4
BRDA:188,30,0,3
BRDA:196,31,0,2
BRDA:199,32,0,1
BRDA:213,33,0,4
BRDA:190,34,0,3
BRDA:223,35,0,1
BRDA:232,36,0,1
BRDA:241,37,0,6
BRDA:244,38,0,5
BRDA:245,39,0,4
BRDA:248,40,0,1
BRDA:251,41,0,2
BRDA:260,42,0,6
BRDA:263,43,0,4
BRDA:267,44,0,4
BRDA:267,45,0,3
BRDA:277,46,0,2
BRDA:282,47,0,1
BRDA:282,48,0,1
BRDA:282,49,0,1
BRDA:284,50,0,1
BRDA:289,51,0,0
BRDA:298,52,0,0
BRDA:280,53,0,2
BRDA:281,54,0,3
BRDA:329,55,0,10
BRDA:340,56,0,8
BRDA:341,57,0,0
BRDA:366,58,0,36
BRDA:367,59,0,31
BRDA:367,60,0,6
BRDA:369,61,0,30
BRDA:371,62,0,32
BRDA:373,63,0,30
BRDA:373,64,0,8
BRDA:375,65,0,24
BRDA:394,66,0,264
BRF:120
BRH:103
DA:1,1
DA:2,1
DA:3,1
DA:4,1
DA:5,1
DA:6,1
DA:7,1
DA:8,51
DA:9,51
DA:10,51
DA:11,51
DA:12,51
DA:13,51
DA:14,51
DA:15,51
DA:16,51
DA:17,51
DA:18,51
DA:19,51
DA:20,51
DA:21,51
DA:22,1
DA:23,1
DA:24,1
DA:25,1
DA:26,1
DA:27,1
DA:28,1
DA:29,1
DA:30,1
DA:31,28
DA:32,28
DA:33,28
DA:34,28
DA:35,28
DA:36,28
DA:37,28
DA:38,28
DA:39,28
DA:40,28
DA:41,28
DA:42,28
DA:43,28
DA:44,28
DA:45,17
DA:46,17
DA:47,17
DA:48,14
DA:49,13
DA:50,17
DA:51,9
DA:52,9
DA:53,9
DA:54,9
DA:55,9
DA:56,9
DA:57,9
DA:58,17
DA:59,4
DA:60,4
DA:61,4
DA:62,4
DA:63,0
DA:64,0
DA:65,4
DA:66,4
DA:67,3
DA:68,3
DA:69,3
DA:70,3
DA:71,3
DA:72,3
DA:73,17
DA:74,5
DA:75,5
DA:76,5
DA:77,4
DA:78,4
DA:79,4
DA:80,4
DA:81,4
DA:82,4
DA:83,4
DA:84,28
DA:85,4
DA:86,4
DA:87,4
DA:88,4
DA:89,1
DA:90,1
DA:91,4
DA:92,4
DA:93,4
DA:94,4
DA:95,4
DA:96,4
DA:97,4
DA:98,9
DA:99,5
DA:100,5
DA:101,5
DA:102,4
DA:103,4
DA:104,4
DA:105,4
DA:106,4
DA:107,4
DA:108,28
DA:109,4
DA:110,4
DA:111,4
DA:112,4
DA:113,4
DA:114,4
DA:115,0
DA:116,0
DA:117,0
DA:118,0
DA:119,0
DA:120,0
DA:121,0
DA:122,4
DA:123,4
DA:124,4
DA:125,4
DA:126,4
DA:127,4
DA:128,4
DA:129,4
DA:130,4
DA:131,4
DA:132,4
DA:133,0
DA:134,0
DA:135,0
DA:136,0
DA:137,0
DA:138,28
DA:139,0
DA:140,1
DA:141,1
DA:142,1
DA:143,1
DA:144,1
DA:145,1
DA:146,1
DA:147,4
DA:148,4
DA:149,4
DA:150,4
DA:151,4
DA:152,4
DA:153,4
DA:154,4
DA:155,4
DA:156,4
DA:157,4
DA:158,4
DA:159,4
DA:160,36
DA:161,4
DA:162,1
DA:163,1
DA:164,1
DA:165,1
DA:166,1
DA:167,1
DA:168,1
DA:169,0
DA:170,0
DA:171,1
DA:172,1
DA:173,1
DA:174,1
DA:175,1
DA:176,1
DA:177,5
DA:178,5
DA:179,5
DA:180,5
DA:181,5
DA:182,5
DA:183,5
DA:184,5
DA:185,5
DA:186,5
DA:187,5
DA:188,4
DA:189,3
DA:190,3
DA:191,3
DA:192,3
DA:193,3
DA:194,3
DA:195,3
DA:196,3
DA:197,2
DA:198,2
DA:199,5
DA:200,1
DA:201,1
DA:202,1
DA:203,1
DA:204,1
DA:205,1
DA:206,1
DA:207,1
DA:208,1
DA:209,1
DA:210,1
DA:211,1
DA:212,1
DA:213,5
DA:214,4
DA:215,4
DA:216,4
DA:217,5
DA:218,1
DA:219,1
DA:220,1
DA:221,1
DA:222,1
DA:223,1
DA:224,1
DA:225,1
DA:226,1
DA:227,1
DA:228,1
DA:229,1
DA:230,1
DA:231,1
DA:232,1
DA:233,1
DA:234,1
DA:235,1
DA:236,1
DA:237,1
DA:238,1
DA:239,1
DA:240,1
DA:241,1
DA:242,6
DA:243,6
DA:244,6
DA:245,6
DA:246,4
DA:247,4
DA:248,6
DA:249,1
DA:250,1
DA:251,6
DA:252,2
DA:253,2
DA:254,6
DA:255,1
DA:256,1
DA:257,1
DA:258,1
DA:259,1
DA:260,1
DA:261,6
DA:262,6
DA:263,6
DA:264,6
DA:265,6
DA:266,6
DA:267,6
DA:268,3
DA:269,3
DA:270,3
DA:271,3
DA:272,3
DA:273,3
DA:274,3
DA:275,3
DA:276,3
DA:277,3
DA:278,2
DA:279,2
DA:280,2
DA:281,3
DA:282,6
DA:283,6
DA:284,6
DA:285,1
DA:286,1
DA:287,1
DA:288,1
DA:289,1
DA:290,1
DA:291,1
DA:292,1
DA:293,1
DA:294,1
DA:295,1
DA:296,1
DA:297,1
DA:298,1
DA:299,0
DA:300,0
DA:301,0
DA:302,0
DA:303,0
DA:304,0
DA:305,0
DA:306,0
DA:307,0
DA:308,1
DA:309,1
DA:310,1
DA:311,1
DA:312,1
DA:313,1
DA:314,1
DA:315,1
DA:316,1
DA:317,1
DA:318,1
DA:319,1
DA:320,1
DA:321,1
DA:322,1
DA:323,6
DA:324,1
DA:325,1
DA:326,1
DA:327,1
DA:328,1
DA:329,1
DA:330,10
DA:331,10
DA:332,10
DA:333,10
DA:334,1
DA:335,1
DA:336,1
DA:337,1
DA:338,1
DA:339,1
DA:340,1
DA:341,8
DA:342,0
DA:343,0
DA:344,8
DA:345,8
DA:346,8
DA:347,8
DA:348,8
DA:349,8
DA:350,8
DA:351,8
DA:352,8
DA:353,8
DA:354,8
DA:355,8
DA:356,8
DA:357,8
DA:358,8
DA:359,8
DA:360,1
DA:361,1
DA:362,1
DA:363,1
DA:364,1
DA:365,1
DA:366,1
DA:367,36
DA:368,6
DA:369,6
DA:370,30
DA:371,30
DA:372,32
DA:373,32
DA:374,8
DA:375,8
DA:376,24
DA:377,24
DA:378,24
DA:379,24
DA:380,24
DA:381,24
DA:382,24
DA:383,24
DA:384,24
DA:385,24
DA:386,24
DA:387,24
DA:388,24
DA:389,24
DA:390,24
DA:391,24
DA:392,24
DA:393,24
DA:394,264
DA:395,30
DA:396,30
DA:397,1
LF:397
LH:369
end_of_record
TN:
SF:src/application/bot-application.js
FN:16,BotApplication
FN:63,loadBuildInfo
FN:77,initializeState
FN:90,getAllowedUserIds
FN:99,start
FN:162,stop
FN:197,handleUpdate
FN:241,softRestart
FN:249,setupEventHandlers
FN:264,messageHandler
FN:269,readyHandler
FN:274,errorHandler
FN:299,cleanupEventHandlers
FN:316,handleMessage
FN:485,handleCommandResult
FN:554,createHealthEmbed
FN:602,createDetailedHealthEmbed
FN:605,formatMemory
FN:667,createYoutubeHealthEmbed
FN:669,formatMemory
FN:729,createXHealthEmbed
FN:731,formatMemory
FN:806,handleReady
FN:822,initializeDiscordHistoryScanning
FN:920,handleError
FN:934,handleLogLevelChange
FN:957,setBotPresence
FN:979,getCurrentUserTag
FN:992,isRunning
FN:1000,getStatus
FN:1018,getStats
FN:1035,handleScraperAction
FN:1153,dispose
FN:1163,_formatGitPullOutput
FNDA:73,BotApplication
FNDA:75,loadBuildInfo
FNDA:73,initializeState
FNDA:73,getAllowedUserIds
FNDA:11,start
FNDA:6,stop
FNDA:3,handleUpdate
FNDA:1,softRestart
FNDA:10,setupEventHandlers
FNDA:0,messageHandler
FNDA:0,readyHandler
FNDA:0,errorHandler
FNDA:6,cleanupEventHandlers
FNDA:7,handleMessage
FNDA:6,handleCommandResult
FNDA:3,createHealthEmbed
FNDA:2,createDetailedHealthEmbed
FNDA:3,formatMemory
FNDA:2,createYoutubeHealthEmbed
FNDA:3,createXHealthEmbed
FNDA:1,handleReady
FNDA:5,initializeDiscordHistoryScanning
FNDA:1,handleError
FNDA:3,handleLogLevelChange
FNDA:11,setBotPresence
FNDA:4,getCurrentUserTag
FNDA:0,isRunning
FNDA:5,getStatus
FNDA:4,getStats
FNDA:0,handleScraperAction
FNDA:1,dispose
FNDA:7,_formatGitPullOutput
FNDA:0,(anonymous_0)
FNDA:0,(anonymous_1)
FNDA:0,(anonymous_2)
FNDA:0,(anonymous_3)
FNDA:0,(anonymous_4)
FNDA:0,(anonymous_5)
FNDA:0,(anonymous_6)
FNDA:0,(anonymous_7)
FNDA:0,(anonymous_8)
FNDA:0,(anonymous_9)
FNDA:0,(anonymous_10)
FNDA:0,(anonymous_11)
FNDA:0,(anonymous_12)
FNDA:0,(anonymous_13)
FNDA:0,(anonymous_14)
FNDA:0,(anonymous_15)
FNDA:0,(anonymous_16)
FNDA:0,(anonymous_17)
FNDA:0,(anonymous_18)
FNDA:0,(anonymous_19)
FNDA:0,(anonymous_20)
FNDA:0,(anonymous_21)
FNDA:0,(anonymous_22)
FNDA:0,(anonymous_23)
FNDA:0,(anonymous_24)
FNDA:0,(anonymous_25)
FNDA:0,(anonymous_26)
FNDA:0,(anonymous_27)
FNDA:0,(anonymous_28)
FNDA:0,(anonymous_29)
FNDA:0,(anonymous_30)
FNDA:0,(anonymous_31)
FNDA:0,(anonymous_32)
FNDA:0,(anonymous_33)
FNDA:0,(anonymous_34)
FNDA:0,(anonymous_35)
FNDA:0,(anonymous_36)
FNDA:0,(anonymous_37)
FNDA:0,(anonymous_38)
FNDA:0,(anonymous_39)
FNDA:0,(anonymous_40)
FNDA:0,(anonymous_41)
FNDA:0,(anonymous_42)
FNDA:0,(anonymous_43)
FNDA:0,(anonymous_44)
FNF:77
FNH:27
BRDA:16,0,0,73
BRDA:19,1,0,0
BRDA:40,2,0,0
BRDA:63,3,0,75
BRDA:68,4,0,2
BRDA:77,5,0,73
BRDA:90,6,0,73
BRDA:92,7,0,72
BRDA:92,8,0,1
BRDA:92,9,0,216
BRDA:99,10,0,11
BRDA:100,11,0,1
BRDA:103,12,0,0
BRDA:106,13,0,10
BRDA:110,14,0,10
BRDA:110,15,0,0
BRDA:110,16,0,10
BRDA:116,17,0,9
BRDA:128,18,0,8
BRDA:129,19,0,7
BRDA:131,20,0,1
BRDA:134,21,0,1
BRDA:151,22,0,1
BRDA:162,23,0,6
BRDA:163,24,0,2
BRDA:165,25,0,4
BRDA:174,26,0,3
BRDA:177,27,0,2
BRDA:179,28,0,3
BRDA:188,29,0,1
BRDA:197,30,0,3
BRDA:199,31,0,1
BRDA:205,32,0,2
BRDA:208,33,0,1
BRDA:210,34,0,2
BRDA:212,35,0,2
BRDA:213,36,0,0
BRDA:221,37,0,1
BRDA:222,38,0,0
BRDA:228,39,0,2
BRDA:241,40,0,1
BRDA:249,41,0,10
BRDA:252,42,0,0
BRDA:256,43,0,0
BRDA:285,44,0,0
BRDA:299,45,0,6
BRDA:301,46,0,19
BRDA:304,47,0,1
BRDA:316,48,0,7
BRDA:319,49,0,6
BRDA:319,50,0,1
BRDA:319,51,0,6
BRDA:320,52,0,0
BRDA:321,53,0,0
BRDA:321,54,0,0
BRDA:329,55,0,0
BRDA:331,56,0,6
BRDA:336,57,0,1
BRDA:345,58,0,5
BRDA:353,59,0,5
BRDA:353,60,0,2
BRDA:354,61,0,1
BRDA:357,62,0,0
BRDA:364,63,0,4
BRDA:368,64,0,0
BRDA:375,65,0,4
BRDA:378,66,0,0
BRDA:383,67,0,4
BRDA:392,68,0,0
BRDA:392,69,0,0
BRDA:392,70,0,0
BRDA:396,71,0,4
BRDA:399,72,0,0
BRDA:401,73,0,4
BRDA:405,74,0,1
BRDA:415,75,0,3
BRDA:423,76,0,0
BRDA:432,77,0,1
BRDA:439,78,0,0
BRDA:447,79,0,1
BRDA:450,80,0,0
BRDA:457,81,0,1
BRDA:465,82,0,2
BRDA:468,83,0,0
BRDA:471,84,0,1
BRDA:485,85,0,6
BRDA:488,86,0,3
BRDA:489,87,0,1
BRDA:490,88,0,0
BRDA:496,89,0,0
BRDA:503,90,0,2
BRDA:509,91,0,0
BRDA:509,92,0,0
BRDA:516,93,0,1
BRDA:521,94,0,0
BRDA:527,95,0,1
BRDA:533,96,0,1
BRDA:538,97,0,0
BRDA:544,98,0,0
BRDA:554,99,0,3
BRDA:557,100,0,2
BRDA:557,101,0,1
BRDA:561,102,0,2
BRDA:561,103,0,1
BRDA:576,104,0,0
BRDA:581,105,0,0
BRDA:586,106,0,0
BRDA:602,107,0,2
BRDA:609,108,0,1
BRDA:618,109,0,0
BRDA:623,110,0,0
BRDA:626,111,0,0
BRDA:629,112,0,1
BRDA:629,113,0,0
BRDA:632,114,0,0
BRDA:633,115,0,0
BRDA:641,116,0,0
BRDA:641,117,0,0
BRDA:605,118,0,2
BRDA:667,119,0,2
BRDA:674,120,0,1
BRDA:674,121,0,1
BRDA:678,122,0,1
BRDA:678,123,0,1
BRDA:683,124,0,1
BRDA:683,125,0,1
BRDA:688,126,0,1
BRDA:693,127,0,1
BRDA:693,128,0,1
BRDA:703,129,0,1
BRDA:708,130,0,0
BRDA:708,131,0,1
BRDA:708,132,0,0
BRDA:708,133,0,1
BRDA:708,134,0,0
BRDA:708,135,0,1
BRDA:669,136,0,2
BRDA:729,137,0,3
BRDA:736,138,0,2
BRDA:739,139,0,0
BRDA:744,140,0,1
BRDA:744,141,0,2
BRDA:748,142,0,2
BRDA:748,143,0,1
BRDA:752,144,0,2
BRDA:752,145,0,1
BRDA:757,146,0,1
BRDA:782,147,0,2
BRDA:787,148,0,0
BRDA:787,149,0,2
BRDA:787,150,0,0
BRDA:787,151,0,2
BRDA:787,152,0,0
BRDA:787,153,0,2
BRDA:731,154,0,3
BRDA:806,155,0,1
BRDA:822,156,0,5
BRDA:828,157,0,0
BRDA:829,158,0,1
BRDA:832,159,0,4
BRDA:838,160,0,3
BRDA:839,161,0,1
BRDA:848,162,0,1
BRDA:851,163,0,0
BRDA:853,164,0,4
BRDA:856,165,0,0
BRDA:856,166,0,4
BRDA:859,167,0,4
BRDA:867,168,0,16
BRDA:870,169,0,12
BRDA:871,170,0,8
BRDA:876,171,0,0
BRDA:881,172,0,4
BRDA:889,173,0,2
BRDA:903,174,0,0
BRDA:879,175,0,8
BRDA:920,176,0,1
BRDA:934,177,0,3
BRDA:937,178,0,1
BRDA:941,179,0,0
BRDA:946,180,0,2
BRDA:949,181,0,1
BRDA:957,182,0,11
BRDA:969,183,0,10
BRDA:970,184,0,1
BRDA:979,185,0,4
BRDA:981,186,0,3
BRDA:982,187,0,1
BRDA:982,188,0,0
BRDA:983,189,0,1
BRDA:1000,190,0,5
BRDA:1018,191,0,4
BRDA:1153,192,0,1
BRDA:1163,193,0,7
BRDA:1170,194,0,16
BRDA:1175,195,0,2
BRDA:1188,196,0,14
BRDA:1191,197,0,3
BRDA:1191,198,0,2
BRDA:1193,199,0,12
BRDA:1194,200,0,3
BRDA:1194,201,0,2
BRDA:1196,202,0,10
BRDA:1180,203,0,3
BRDA:1181,204,0,2
BRDA:1183,205,0,1
BRF:443
BRH:311
DA:1,1
DA:2,1
DA:3,1
DA:4,1
DA:5,1
DA:6,1
DA:7,1
DA:8,1
DA:9,2
DA:10,1
DA:11,1
DA:12,1
DA:13,1
DA:14,1
DA:15,1
DA:16,1
DA:17,73
DA:18,73
DA:19,73
DA:20,73
DA:21,73
DA:22,73
DA:23,73
DA:24,73
DA:25,73
DA:26,73
DA:27,73
DA:28,73
DA:29,73
DA:30,73
DA:31,73
DA:32,73
DA:33,73
DA:34,73
DA:35,73
DA:36,73
DA:37,73
DA:38,73
DA:39,73
DA:40,73
DA:41,73
DA:42,73
DA:43,73
DA:44,73
DA:45,73
DA:46,73
DA:47,73
DA:48,73
DA:49,73
DA:50,73
DA:51,73
DA:52,73
DA:53,73
DA:54,73
DA:55,73
DA:56,73
DA:57,73
DA:58,73
DA:59,73
DA:60,73
DA:61,73
DA:62,1
DA:63,1
DA:64,75
DA:65,75
DA:66,75
DA:67,75
DA:68,75
DA:69,2
DA:70,2
DA:71,2
DA:72,75
DA:73,1
DA:74,1
DA:75,1
DA:76,1
DA:77,1
DA:78,73
DA:79,73
DA:80,73
DA:81,73
DA:82,73
DA:83,73
DA:84,73
DA:85,1
DA:86,1
DA:87,1
DA:88,1
DA:89,1
DA:90,1
DA:91,73
DA:92,216
DA:93,73
DA:94,1
DA:95,1
DA:96,1
DA:97,1
DA:98,1
DA:99,1
DA:100,11
DA:101,1
DA:102,1
DA:103,1
DA:104,1
DA:105,1
DA:106,1
DA:107,10
DA:108,10
DA:109,10
DA:110,11
DA:111,11
DA:112,11
DA:113,11
DA:114,11
DA:115,11
DA:116,11
DA:117,9
DA:118,9
DA:119,9
DA:120,9
DA:121,9
DA:122,9
DA:123,9
DA:124,9
DA:125,9
DA:126,9
DA:127,9
DA:128,9
DA:129,8
DA:130,7
DA:131,9
DA:132,1
DA:133,1
DA:134,9
DA:135,1
DA:136,1
DA:137,9
DA:138,9
DA:139,9
DA:140,9
DA:141,9
DA:142,9
DA:143,9
DA:144,9
DA:145,9
DA:146,9
DA:147,9
DA:148,9
DA:149,9
DA:150,9
DA:151,11
DA:152,1
DA:153,1
DA:154,1
DA:155,1
DA:156,11
DA:157,1
DA:158,1
DA:159,1
DA:160,1
DA:161,1
DA:162,1
DA:163,6
DA:164,2
DA:165,2
DA:166,4
DA:167,4
DA:168,4
DA:169,4
DA:170,4
DA:171,4
DA:172,4
DA:173,4
DA:174,4
DA:175,3
DA:176,3
DA:177,6
DA:178,2
DA:179,2
DA:180,3
DA:181,3
DA:182,3
DA:183,3
DA:184,3
DA:185,3
DA:186,3
DA:187,3
DA:188,6
DA:189,1
DA:190,1
DA:191,6
DA:192,1
DA:193,1
DA:194,1
DA:195,1
DA:196,1
DA:197,1
DA:198,3
DA:199,3
DA:200,1
DA:201,1
DA:202,1
DA:203,1
DA:204,1
DA:205,1
DA:206,2
DA:207,2
DA:208,3
DA:209,1
DA:210,1
DA:211,2
DA:212,2
DA:213,2
DA:214,0
DA:215,0
DA:216,0
DA:217,0
DA:218,0
DA:219,0
DA:220,2
DA:221,2
DA:222,1
DA:223,1
DA:224,1
DA:225,1
DA:226,2
DA:227,2
DA:228,2
DA:229,2
DA:230,0
DA:231,0
DA:232,0
DA:233,0
DA:234,0
DA:235,0
DA:236,2
DA:237,2
DA:238,2
DA:239,2
DA:240,1
DA:241,1
DA:242,1
DA:243,1
DA:244,1
DA:245,1
DA:246,1
DA:247,1
DA:248,1
DA:249,1
DA:250,10
DA:251,10
DA:252,10
DA:253,10
DA:254,10
DA:255,10
DA:256,10
DA:257,0
DA:258,0
DA:259,0
DA:260,0
DA:261,0
DA:262,10
DA:263,10
DA:264,10
DA:265,0
DA:266,10
DA:267,10
DA:268,10
DA:269,10
DA:270,0
DA:271,10
DA:272,10
DA:273,10
DA:274,10
DA:275,0
DA:276,10
DA:277,10
DA:278,10
DA:279,10
DA:280,10
DA:281,10
DA:282,10
DA:283,10
DA:284,10
DA:285,10
DA:286,10
DA:287,10
DA:288,10
DA:289,10
DA:290,10
DA:291,0
DA:292,10
DA:293,10
DA:294,10
DA:295,1
DA:296,1
DA:297,1
DA:298,1
DA:299,1
DA:300,6
DA:301,6
DA:302,19
DA:303,19
DA:304,19
DA:305,1
DA:306,1
DA:307,19
DA:308,6
DA:309,6
DA:310,6
DA:311,1
DA:312,1
DA:313,1
DA:314,1
DA:315,1
DA:316,1
DA:317,7
DA:318,7
DA:319,7
DA:320,7
DA:321,7
DA:322,7
DA:323,7
DA:324,7
DA:325,7
DA:326,7
DA:327,7
DA:328,7
DA:329,7
DA:330,7
DA:331,7
DA:332,6
DA:333,6
DA:334,6
DA:335,6
DA:336,6
DA:337,1
DA:338,1
DA:339,1
DA:340,1
DA:341,1
DA:342,1
DA:343,1
DA:344,1
DA:345,1
DA:346,5
DA:347,5
DA:348,5
DA:349,5
DA:350,6
DA:351,6
DA:352,6
DA:353,7
DA:354,2
DA:355,1
DA:356,1
DA:357,1
DA:358,1
DA:359,1
DA:360,1
DA:361,1
DA:362,1
DA:363,1
DA:364,1
DA:365,4
DA:366,4
DA:367,4
DA:368,7
DA:369,0
DA:370,0
DA:371,0
DA:372,0
DA:373,0
DA:374,0
DA:375,0
DA:376,4
DA:377,4
DA:378,7
DA:379,0
DA:380,0
DA:381,0
DA:382,0
DA:383,0
DA:384,4
DA:385,4
DA:386,4
DA:387,4
DA:388,4
DA:389,4
DA:390,4
DA:391,4
DA:392,7
DA:393,0
DA:394,0
DA:395,0
DA:396,0
DA:397,4
DA:398,4
DA:399,7
DA:400,0
DA:401,0
DA:402,4
DA:403,4
DA:404,4
DA:405,7
DA:406,1
DA:407,1
DA:408,1
DA:409,1
DA:410,1
DA:411,1
DA:412,1
DA:413,1
DA:414,1
DA:415,1
DA:416,3
DA:417,3
DA:418,3
DA:419,3
DA:420,3
DA:421,3
DA:422,3
DA:423,7
DA:424,7
DA:425,7
DA:426,7
DA:427,7
DA:428,7
DA:429,7
DA:430,7
DA:431,7
DA:432,7
DA:433,1
DA:434,1
DA:435,1
DA:436,1
DA:437,1
DA:438,1
DA:439,7
DA:440,0
DA:441,0
DA:442,0
DA:443,0
DA:444,0
DA:445,0
DA:446,0
DA:447,0
DA:448,1
DA:449,1
DA:450,7
DA:451,0
DA:452,0
DA:453,0
DA:454,0
DA:455,0
DA:456,0
DA:457,0
DA:458,1
DA:459,1
DA:460,1
DA:461,1
DA:462,1
DA:463,1
DA:464,1
DA:465,7
DA:466,2
DA:467,2
DA:468,2
DA:469,2
DA:470,2
DA:471,2
DA:472,1
DA:473,1
DA:474,1
DA:475,2
DA:476,7
DA:477,1
DA:478,1
DA:479,1
DA:480,1
DA:481,1
DA:482,1
DA:483,1
DA:484,1
DA:485,1
DA:486,6
DA:487,6
DA:488,6
DA:489,3
DA:490,1
DA:491,0
DA:492,0
DA:493,1
DA:494,1
DA:495,1
DA:496,1
DA:497,0
DA:498,0
DA:499,0
DA:500,0
DA:501,0
DA:502,0
DA:503,3
DA:504,2
DA:505,2
DA:506,3
DA:507,6
DA:508,6
DA:509,6
DA:510,0
DA:511,0
DA:512,0
DA:513,0
DA:514,6
DA:515,6
DA:516,6
DA:517,1
DA:518,1
DA:519,1
DA:520,1
DA:521,1
DA:522,0
DA:523,0
DA:524,0
DA:525,1
DA:526,6
DA:527,6
DA:528,1
DA:529,1
DA:530,1
DA:531,6
DA:532,6
DA:533,6
DA:534,1
DA:535,1
DA:536,6
DA:537,6
DA:538,6
DA:539,0
DA:540,0
DA:541,0
DA:542,0
DA:543,0
DA:544,6
DA:545,0
DA:546,0
DA:547,6
DA:548,1
DA:549,1
DA:550,1
DA:551,1
DA:552,1
DA:553,1
DA:554,1
DA:555,3
DA:556,3
DA:557,3
DA:558,3
DA:559,3
DA:560,3
DA:561,3
DA:562,3
DA:563,3
DA:564,3
DA:565,3
DA:566,3
DA:567,3
DA:568,3
DA:569,3
DA:570,3
DA:571,3
DA:572,3
DA:573,3
DA:574,3
DA:575,3
DA:576,3
DA:577,3
DA:578,3
DA:579,3
DA:580,3
DA:581,3
DA:582,3
DA:583,3
DA:584,3
DA:585,3
DA:586,3
DA:587,3
DA:588,3
DA:589,3
DA:590,3
DA:591,3
DA:592,3
DA:593,3
DA:594,3
DA:595,3
DA:596,1
DA:597,1
DA:598,1
DA:599,1
DA:600,1
DA:601,1
DA:602,1
DA:603,2
DA:604,2
DA:605,2
DA:606,2
DA:607,2
DA:608,2
DA:609,2
DA:610,1
DA:611,1
DA:612,1
DA:613,1
DA:614,2
DA:615,2
DA:616,2
DA:617,2
DA:618,2
DA:619,2
DA:620,2
DA:621,2
DA:622,2
DA:623,2
DA:624,2
DA:625,2
DA:626,2
DA:627,2
DA:628,2
DA:629,2
DA:630,2
DA:631,2
DA:632,2
DA:633,2
DA:634,2
DA:635,2
DA:636,2
DA:637,2
DA:638,2
DA:639,2
DA:640,2
DA:641,2
DA:642,2
DA:643,2
DA:644,2
DA:645,2
DA:646,2
DA:647,2
DA:648,2
DA:649,2
DA:650,2
DA:651,2
DA:652,2
DA:653,2
DA:654,2
DA:655,2
DA:656,2
DA:657,2
DA:658,2
DA:659,2
DA:660,2
DA:661,1
DA:662,1
DA:663,1
DA:664,1
DA:665,1
DA:666,1
DA:667,1
DA:668,2
DA:669,2
DA:670,2
DA:671,2
DA:672,2
DA:673,2
DA:674,2
DA:675,2
DA:676,2
DA:677,2
DA:678,2
DA:679,2
DA:680,2
DA:681,2
DA:682,2
DA:683,2
DA:684,2
DA:685,2
DA:686,2
DA:687,2
DA:688,2
DA:689,2
DA:690,2
DA:691,2
DA:692,2
DA:693,2
DA:694,2
DA:695,2
DA:696,2
DA:697,2
DA:698,2
DA:699,2
DA:700,2
DA:701,2
DA:702,2
DA:703,2
DA:704,2
DA:705,2
DA:706,2
DA:707,2
DA:708,2
DA:709,2
DA:710,2
DA:711,2
DA:712,2
DA:713,2
DA:714,2
DA:715,2
DA:716,2
DA:717,2
DA:718,2
DA:719,2
DA:720,2
DA:721,2
DA:722,2
DA:723,1
DA:724,1
DA:725,1
DA:726,1
DA:727,1
DA:728,1
DA:729,1
DA:730,3
DA:731,3
DA:732,3
DA:733,3
DA:734,3
DA:735,3
DA:736,3
DA:737,2
DA:738,2
DA:739,2
DA:740,0
DA:741,0
DA:742,2
DA:743,3
DA:744,3
DA:745,3
DA:746,3
DA:747,3
DA:748,3
DA:749,3
DA:750,3
DA:751,3
DA:752,3
DA:753,3
DA:754,3
DA:755,3
DA:756,3
DA:757,3
DA:758,3
DA:759,3
DA:760,3
DA:761,3
DA:762,3
DA:763,3
DA:764,3
DA:765,3
DA:766,3
DA:767,3
DA:768,3
DA:769,3
DA:770,3
DA:771,3
DA:772,3
DA:773,3
DA:774,3
DA:775,3
DA:776,3
DA:777,3
DA:778,3
DA:779,3
DA:780,3
DA:781,3
DA:782,3
DA:783,3
DA:784,3
DA:785,3
DA:786,3
DA:787,3
DA:788,3
DA:789,3
DA:790,3
DA:791,3
DA:792,3
DA:793,3
DA:794,3
DA:795,3
DA:796,3
DA:797,3
DA:798,3
DA:799,3
DA:800,3
DA:801,3
DA:802,1
DA:803,1
DA:804,1
DA:805,1
DA:806,1
DA:807,1
DA:808,1
DA:809,1
DA:810,1
DA:811,1
DA:812,1
DA:813,1
DA:814,1
DA:815,1
DA:816,1
DA:817,1
DA:818,1
DA:819,1
DA:820,1
DA:821,1
DA:822,1
DA:823,5
DA:824,5
DA:825,5
DA:826,5
DA:827,5
DA:828,5
DA:829,5
DA:830,1
DA:831,1
DA:832,1
DA:833,4
DA:834,4
DA:835,4
DA:836,4
DA:837,4
DA:838,4
DA:839,4
DA:840,1
DA:841,1
DA:842,1
DA:843,1
DA:844,1
DA:845,1
DA:846,1
DA:847,1
DA:848,4
DA:849,1
DA:850,1
DA:851,5
DA:852,0
DA:853,0
DA:854,4
DA:855,4
DA:856,5
DA:857,5
DA:858,5
DA:859,5
DA:860,4
DA:861,4
DA:862,4
DA:863,4
DA:864,4
DA:865,4
DA:866,4
DA:867,4
DA:868,16
DA:869,16
DA:870,16
DA:871,16
DA:872,8
DA:873,8
DA:874,8
DA:875,8
DA:876,8
DA:877,8
DA:878,8
DA:879,8
DA:880,8
DA:881,16
DA:882,4
DA:883,4
DA:884,4
DA:885,16
DA:886,16
DA:887,4
DA:888,4
DA:889,4
DA:890,2
DA:891,2
DA:892,2
DA:893,2
DA:894,4
DA:895,4
DA:896,4
DA:897,4
DA:898,4
DA:899,4
DA:900,4
DA:901,4
DA:902,4
DA:903,5
DA:904,0
DA:905,0
DA:906,0
DA:907,0
DA:908,0
DA:909,0
DA:910,0
DA:911,0
DA:912,0
DA:913,0
DA:914,5
DA:915,1
DA:916,1
DA:917,1
DA:918,1
DA:919,1
DA:920,1
DA:921,1
DA:922,1
DA:923,1
DA:924,1
DA:925,1
DA:926,1
DA:927,1
DA:928,1
DA:929,1
DA:930,1
DA:931,1
DA:932,1
DA:933,1
DA:934,1
DA:935,3
DA:936,3
DA:937,3
DA:938,1
DA:939,1
DA:940,1
DA:941,1
DA:942,0
DA:943,0
DA:944,0
DA:945,0
DA:946,1
DA:947,2
DA:948,2
DA:949,3
DA:950,1
DA:951,1
DA:952,3
DA:953,1
DA:954,1
DA:955,1
DA:956,1
DA:957,1
DA:958,11
DA:959,11
DA:960,11
DA:961,11
DA:962,11
DA:963,11
DA:964,11
DA:965,11
DA:966,11
DA:967,11
DA:968,11
DA:969,11
DA:970,11
DA:971,1
DA:972,1
DA:973,11
DA:974,1
DA:975,1
DA:976,1
DA:977,1
DA:978,1
DA:979,1
DA:980,4
DA:981,4
DA:982,4
DA:983,4
DA:984,1
DA:985,1
DA:986,4
DA:987,1
DA:988,1
DA:989,1
DA:990,1
DA:991,1
DA:992,1
DA:993,0
DA:994,0
DA:995,1
DA:996,1
DA:997,1
DA:998,1
DA:999,1
DA:1000,1
DA:1001,5
DA:1002,5
DA:1003,5
DA:1004,5
DA:1005,5
DA:1006,5
DA:1007,5
DA:1008,5
DA:1009,5
DA:1010,5
DA:1011,5
DA:1012,5
DA:1013,1
DA:1014,1
DA:1015,1
DA:1016,1
DA:1017,1
DA:1018,1
DA:1019,4
DA:1020,4
DA:1021,4
DA:1022,4
DA:1023,4
DA:1024,4
DA:1025,4
DA:1026,4
DA:1027,1
DA:1028,1
DA:1029,1
DA:1030,1
DA:1031,1
DA:1032,1
DA:1033,1
DA:1034,1
DA:1035,1
DA:1036,0
DA:1037,0
DA:1038,0
DA:1039,0
DA:1040,0
DA:1041,0
DA:1042,0
DA:1043,0
DA:1044,0
DA:1045,0
DA:1046,0
DA:1047,0
DA:1048,0
DA:1049,0
DA:1050,0
DA:1051,0
DA:1052,0
DA:1053,0
DA:1054,0
DA:1055,0
DA:1056,0
DA:1057,0
DA:1058,0
DA:1059,0
DA:1060,0
DA:1061,0
DA:1062,0
DA:1063,0
DA:1064,0
DA:1065,0
DA:1066,0
DA:1067,0
DA:1068,0
DA:1069,0
DA:1070,0
DA:1071,0
DA:1072,0
DA:1073,0
DA:1074,0
DA:1075,0
DA:1076,0
DA:1077,0
DA:1078,0
DA:1079,0
DA:1080,0
DA:1081,0
DA:1082,0
DA:1083,0
DA:1084,0
DA:1085,0
DA:1086,0
DA:1087,0
DA:1088,0
DA:1089,0
DA:1090,0
DA:1091,0
DA:1092,0
DA:1093,0
DA:1094,0
DA:1095,0
DA:1096,0
DA:1097,0
DA:1098,0
DA:1099,0
DA:1100,0
DA:1101,0
DA:1102,0
DA:1103,0
DA:1104,0
DA:1105,0
DA:1106,0
DA:1107,0
DA:1108,0
DA:1109,0
DA:1110,0
DA:1111,0
DA:1112,0
DA:1113,0
DA:1114,0
DA:1115,0
DA:1116,0
DA:1117,0
DA:1118,0
DA:1119,0
DA:1120,0
DA:1121,0
DA:1122,0
DA:1123,0
DA:1124,0
DA:1125,0
DA:1126,0
DA:1127,0
DA:1128,0
DA:1129,0
DA:1130,0
DA:1131,0
DA:1132,0
DA:1133,0
DA:1134,0
DA:1135,0
DA:1136,0
DA:1137,0
DA:1138,0
DA:1139,0
DA:1140,0
DA:1141,0
DA:1142,0
DA:1143,0
DA:1144,0
DA:1145,0
DA:1146,0
DA:1147,0
DA:1148,1
DA:1149,1
DA:1150,1
DA:1151,1
DA:1152,1
DA:1153,1
DA:1154,1
DA:1155,1
DA:1156,1
DA:1157,1
DA:1158,1
DA:1159,1
DA:1160,1
DA:1161,1
DA:1162,1
DA:1163,1
DA:1164,7
DA:1165,7
DA:1166,7
DA:1167,7
DA:1168,7
DA:1169,7
DA:1170,7
DA:1171,16
DA:1172,16
DA:1173,16
DA:1174,16
DA:1175,16
DA:1176,2
DA:1177,2
DA:1178,2
DA:1179,2
DA:1180,2
DA:1181,3
DA:1182,2
DA:1183,2
DA:1184,1
DA:1185,2
DA:1186,2
DA:1187,2
DA:1188,2
DA:1189,14
DA:1190,14
DA:1191,16
DA:1192,2
DA:1193,2
DA:1194,16
DA:1195,2
DA:1196,2
DA:1197,10
DA:1198,10
DA:1199,10
DA:1200,7
DA:1201,7
DA:1202,7
DA:1203,1
LF:1203
LH:995
end_of_record
TN:
SF:src/application/monitor-application.js
FN:11,MonitorApplication
FN:82,start
FN:129,stop
FN:172,validateYouTubeAccess
FN:202,subscribeToPubSubHubbub
FN:264,unsubscribeFromPubSubHubbub
FN:303,scheduleSubscriptionRenewal
FN:323,scheduleApiFallback
FN:351,performApiFallback
FN:386,stopFallbackPolling
FN:399,handleWebhook
FN:493,verifyWebhookSignatureDebug
FN:546,verifyWebhookSignature
FN:555,logWebhookDebug
FN:573,sanitizeHeaders
FN:592,getBodyPreview
FN:612,handleVerificationRequest
FN:631,handleNotification
FN:739,parseNotificationXML
FN:767,processVideo
FN:885,isNewContent
FN:904,isRunning
FN:912,getStats
FN:928,dispose
FN:935,startScheduledContentPolling
FN:939,loop
FN:956,stopScheduledContentPolling
FN:968,pollScheduledContent
FN:1029,startLiveStatePolling
FN:1034,loop
FN:1055,stopLiveStatePolling
FN:1066,pollLiveStateTransitions
FNDA:133,MonitorApplication
FNDA:10,start
FNDA:7,stop
FNDA:13,validateYouTubeAccess
FNDA:5,subscribeToPubSubHubbub
FNDA:6,unsubscribeFromPubSubHubbub
FNDA:4,scheduleSubscriptionRenewal
FNDA:6,scheduleApiFallback
FNDA:6,performApiFallback
FNDA:2,stopFallbackPolling
FNDA:5,handleWebhook
FNDA:13,verifyWebhookSignatureDebug
FNDA:2,verifyWebhookSignature
FNDA:3,logWebhookDebug
FNDA:1,sanitizeHeaders
FNDA:3,getBodyPreview
FNDA:3,handleVerificationRequest
FNDA:3,handleNotification
FNDA:3,parseNotificationXML
FNDA:8,processVideo
FNDA:5,isNewContent
FNDA:0,isRunning
FNDA:16,getStats
FNDA:1,dispose
FNDA:8,startScheduledContentPolling
FNDA:8,loop
FNDA:2,stopScheduledContentPolling
FNDA:9,pollScheduledContent
FNDA:7,startLiveStatePolling
FNDA:2,stopLiveStatePolling
FNDA:6,pollLiveStateTransitions
FNDA:0,(anonymous_0)
FNDA:0,(anonymous_1)
FNDA:0,(anonymous_2)
FNDA:0,(anonymous_3)
FNDA:0,(anonymous_4)
FNDA:0,(anonymous_5)
FNDA:0,(anonymous_6)
FNDA:0,(anonymous_7)
FNDA:0,(anonymous_8)
FNDA:0,(anonymous_9)
FNDA:0,(anonymous_10)
FNDA:0,(anonymous_11)
FNDA:0,(anonymous_12)
FNDA:0,(anonymous_13)
FNDA:0,(anonymous_14)
FNDA:0,(anonymous_15)
FNDA:0,(anonymous_16)
FNDA:0,(anonymous_17)
FNDA:0,(anonymous_18)
FNDA:0,(anonymous_19)
FNDA:0,(anonymous_20)
FNDA:0,(anonymous_21)
FNDA:0,(anonymous_22)
FNDA:0,(anonymous_23)
FNDA:0,(anonymous_24)
FNDA:0,(anonymous_25)
FNDA:0,(anonymous_26)
FNDA:0,(anonymous_27)
FNDA:0,(anonymous_28)
FNDA:0,(anonymous_29)
FNDA:0,(anonymous_30)
FNDA:0,(anonymous_31)
FNDA:0,(anonymous_32)
FNDA:0,(anonymous_33)
FNDA:0,(anonymous_34)
FNDA:0,(anonymous_35)
FNF:67
FNH:30
BRDA:11,0,0,133
BRDA:51,1,0,120
BRDA:54,2,0,0
BRDA:82,3,0,10
BRDA:83,4,0,1
BRDA:85,5,0,9
BRDA:95,6,0,8
BRDA:98,7,0,7
BRDA:118,8,0,2
BRDA:129,9,0,7
BRDA:130,10,0,1
BRDA:132,11,0,6
BRDA:162,12,0,0
BRDA:172,13,0,13
BRDA:181,14,0,11
BRDA:183,15,0,1
BRDA:185,16,0,10
BRDA:188,17,0,0
BRDA:188,18,0,10
BRDA:188,19,0,1
BRDA:190,20,0,10
BRDA:190,21,0,10
BRDA:190,22,0,0
BRDA:192,23,0,3
BRDA:202,24,0,5
BRDA:222,25,0,0
BRDA:230,26,0,4
BRDA:234,27,0,1
BRDA:235,28,0,2
BRDA:239,29,0,3
BRDA:247,30,0,1
BRDA:250,31,0,2
BRDA:264,32,0,6
BRDA:265,33,0,1
BRDA:267,34,0,5
BRDA:287,35,0,3
BRDA:289,36,0,2
BRDA:292,37,0,1
BRDA:295,38,0,2
BRDA:303,39,0,4
BRDA:306,40,0,4
BRDA:307,41,0,3
BRDA:307,42,0,2
BRDA:309,43,0,1
BRDA:323,44,0,6
BRDA:324,45,0,1
BRDA:327,46,0,5
BRDA:329,47,0,1
BRDA:332,48,0,4
BRDA:336,49,0,4
BRDA:338,50,0,3
BRDA:339,51,0,1
BRDA:351,52,0,6
BRDA:357,53,0,5
BRDA:359,54,0,3
BRDA:359,55,0,3
BRDA:362,56,0,2
BRDA:367,57,0,4
BRDA:370,58,0,3
BRDA:371,59,0,1
BRDA:374,60,0,2
BRDA:377,61,0,1
BRDA:386,62,0,2
BRDA:387,63,0,1
BRDA:399,64,0,5
BRDA:403,65,0,4
BRDA:403,66,0,1
BRDA:416,67,0,4
BRDA:416,68,0,1
BRDA:418,69,0,4
BRDA:423,70,0,1
BRDA:432,71,0,4
BRDA:438,72,0,1
BRDA:447,73,0,3
BRDA:462,74,0,0
BRDA:493,75,0,13
BRDA:497,76,0,1
BRDA:498,77,0,12
BRDA:498,78,0,1
BRDA:500,79,0,11
BRDA:500,80,0,2
BRDA:504,81,0,1
BRDA:509,82,0,12
BRDA:511,83,0,2
BRDA:516,84,0,10
BRDA:526,85,0,7
BRDA:526,86,0,0
BRDA:528,87,0,3
BRDA:546,88,0,2
BRDA:555,89,0,3
BRDA:556,90,0,1
BRDA:558,91,0,2
BRDA:573,92,0,1
BRDA:592,93,0,3
BRDA:593,94,0,1
BRDA:595,95,0,2
BRDA:600,96,0,1
BRDA:612,97,0,3
BRDA:617,98,0,1
BRDA:620,99,0,2
BRDA:631,100,0,3
BRDA:637,101,0,0
BRDA:648,102,0,1
BRDA:652,103,0,1
BRDA:661,104,0,2
BRDA:670,105,0,1
BRDA:676,106,0,1
BRDA:676,107,0,1
BRDA:676,108,0,0
BRDA:676,109,0,1
BRDA:676,110,0,0
BRDA:677,111,0,1
BRDA:677,112,0,1
BRDA:677,113,0,1
BRDA:677,114,0,0
BRDA:677,115,0,1
BRDA:677,116,0,1
BRDA:678,117,0,1
BRDA:678,118,0,1
BRDA:678,119,0,1
BRDA:678,120,0,0
BRDA:678,121,0,1
BRDA:678,122,0,1
BRDA:681,123,0,0
BRDA:689,124,0,1
BRDA:739,125,0,3
BRDA:746,126,0,2
BRDA:748,127,0,1
BRDA:752,128,0,0
BRDA:753,129,0,1
BRDA:753,130,0,0
BRDA:755,131,0,0
BRDA:767,132,0,8
BRDA:770,133,0,0
BRDA:770,134,0,0
BRDA:771,135,0,0
BRDA:772,136,0,0
BRDA:773,137,0,0
BRDA:783,138,0,0
BRDA:783,139,0,0
BRDA:787,140,0,7
BRDA:787,141,0,1
BRDA:794,142,0,6
BRDA:797,143,0,1
BRDA:801,144,0,0
BRDA:806,145,0,5
BRDA:818,146,0,0
BRDA:818,147,0,5
BRDA:819,148,0,5
BRDA:819,149,0,0
BRDA:819,150,0,5
BRDA:825,151,0,5
BRDA:827,152,0,3
BRDA:829,153,0,2
BRDA:832,154,0,0
BRDA:834,155,0,5
BRDA:836,156,0,3
BRDA:857,157,0,2
BRDA:865,158,0,0
BRDA:874,159,0,1
BRDA:885,160,0,5
BRDA:887,161,0,1
BRDA:889,162,0,4
BRDA:891,163,0,0
BRDA:891,164,0,4
BRDA:892,165,0,1
BRDA:894,166,0,3
BRDA:912,167,0,16
BRDA:928,168,0,1
BRDA:935,169,0,8
BRDA:936,170,0,1
BRDA:939,171,0,8
BRDA:941,172,0,4
BRDA:956,173,0,2
BRDA:957,174,0,1
BRDA:968,175,0,9
BRDA:970,176,0,2
BRDA:974,177,0,1
BRDA:984,178,0,8
BRDA:989,179,0,7
BRDA:989,180,0,4
BRDA:992,181,0,6
BRDA:993,182,0,5
BRDA:1004,183,0,4
BRDA:1012,184,0,4
BRDA:1014,185,0,3
BRDA:1014,186,0,1
BRDA:1010,187,0,6
BRDA:1029,188,0,7
BRDA:1030,189,0,1
BRDA:1033,190,0,6
BRDA:1034,191,0,8
BRDA:1036,192,0,7
BRDA:1037,193,0,1
BRDA:1042,194,0,7
BRDA:1042,195,0,6
BRDA:1044,196,0,2
BRDA:1055,197,0,2
BRDA:1056,198,0,1
BRDA:1066,199,0,6
BRDA:1068,200,0,1
BRDA:1071,201,0,5
BRDA:1075,202,0,4
BRDA:1077,203,0,8
BRDA:1079,204,0,6
BRDA:1079,205,0,3
BRDA:1085,206,0,4
BRDA:1074,207,0,10
BRF:370
BRH:319
DA:1,1
DA:2,1
DA:3,1
DA:4,1
DA:5,1
DA:6,1
DA:7,1
DA:8,1
DA:9,1
DA:10,1
DA:11,1
DA:12,133
DA:13,133
DA:14,133
DA:15,133
DA:16,133
DA:17,133
DA:18,133
DA:19,133
DA:20,133
DA:21,133
DA:22,133
DA:23,133
DA:24,133
DA:25,133
DA:26,133
DA:27,133
DA:28,133
DA:29,133
DA:30,133
DA:31,133
DA:32,133
DA:33,133
DA:34,133
DA:35,133
DA:36,133
DA:37,133
DA:38,133
DA:39,133
DA:40,133
DA:41,133
DA:42,133
DA:43,133
DA:44,133
DA:45,133
DA:46,133
DA:47,133
DA:48,133
DA:49,133
DA:50,133
DA:51,133
DA:52,120
DA:53,120
DA:54,120
DA:55,133
DA:56,133
DA:57,133
DA:58,133
DA:59,133
DA:60,133
DA:61,133
DA:62,133
DA:63,133
DA:64,133
DA:65,133
DA:66,133
DA:67,133
DA:68,133
DA:69,133
DA:70,133
DA:71,133
DA:72,133
DA:73,133
DA:74,133
DA:75,133
DA:76,133
DA:77,1
DA:78,1
DA:79,1
DA:80,1
DA:81,1
DA:82,1
DA:83,10
DA:84,1
DA:85,1
DA:86,9
DA:87,9
DA:88,9
DA:89,9
DA:90,9
DA:91,9
DA:92,9
DA:93,9
DA:94,9
DA:95,9
DA:96,8
DA:97,8
DA:98,8
DA:99,7
DA:100,7
DA:101,7
DA:102,7
DA:103,7
DA:104,7
DA:105,7
DA:106,7
DA:107,7
DA:108,7
DA:109,7
DA:110,7
DA:111,7
DA:112,7
DA:113,7
DA:114,7
DA:115,7
DA:116,7
DA:117,7
DA:118,10
DA:119,2
DA:120,2
DA:121,2
DA:122,2
DA:123,10
DA:124,1
DA:125,1
DA:126,1
DA:127,1
DA:128,1
DA:129,1
DA:130,7
DA:131,1
DA:132,1
DA:133,6
DA:134,6
DA:135,6
DA:136,6
DA:137,6
DA:138,6
DA:139,6
DA:140,6
DA:141,6
DA:142,6
DA:143,6
DA:144,6
DA:145,6
DA:146,6
DA:147,6
DA:148,6
DA:149,6
DA:150,6
DA:151,6
DA:152,6
DA:153,6
DA:154,6
DA:155,6
DA:156,6
DA:157,6
DA:158,6
DA:159,6
DA:160,6
DA:161,6
DA:162,7
DA:163,0
DA:164,0
DA:165,0
DA:166,7
DA:167,1
DA:168,1
DA:169,1
DA:170,1
DA:171,1
DA:172,1
DA:173,13
DA:174,13
DA:175,13
DA:176,13
DA:177,13
DA:178,13
DA:179,13
DA:180,13
DA:181,13
DA:182,11
DA:183,13
DA:184,1
DA:185,1
DA:186,10
DA:187,10
DA:188,13
DA:189,13
DA:190,13
DA:191,13
DA:192,13
DA:193,3
DA:194,3
DA:195,3
DA:196,13
DA:197,1
DA:198,1
DA:199,1
DA:200,1
DA:201,1
DA:202,1
DA:203,5
DA:204,5
DA:205,5
DA:206,5
DA:207,5
DA:208,5
DA:209,5
DA:210,5
DA:211,5
DA:212,5
DA:213,5
DA:214,5
DA:215,5
DA:216,5
DA:217,5
DA:218,5
DA:219,5
DA:220,5
DA:221,5
DA:222,5
DA:223,5
DA:224,5
DA:225,5
DA:226,5
DA:227,5
DA:228,5
DA:229,5
DA:230,5
DA:231,4
DA:232,4
DA:233,4
DA:234,5
DA:235,5
DA:236,5
DA:237,5
DA:238,5
DA:239,5
DA:240,3
DA:241,3
DA:242,3
DA:243,3
DA:244,3
DA:245,3
DA:246,3
DA:247,5
DA:248,1
DA:249,1
DA:250,5
DA:251,2
DA:252,2
DA:253,2
DA:254,2
DA:255,2
DA:256,2
DA:257,2
DA:258,5
DA:259,1
DA:260,1
DA:261,1
DA:262,1
DA:263,1
DA:264,1
DA:265,6
DA:266,1
DA:267,1
DA:268,5
DA:269,5
DA:270,5
DA:271,5
DA:272,5
DA:273,5
DA:274,5
DA:275,5
DA:276,5
DA:277,5
DA:278,5
DA:279,5
DA:280,5
DA:281,5
DA:282,5
DA:283,5
DA:284,5
DA:285,5
DA:286,5
DA:287,5
DA:288,3
DA:289,5
DA:290,2
DA:291,2
DA:292,5
DA:293,1
DA:294,1
DA:295,6
DA:296,2
DA:297,2
DA:298,6
DA:299,1
DA:300,1
DA:301,1
DA:302,1
DA:303,1
DA:304,4
DA:305,4
DA:306,4
DA:307,4
DA:308,2
DA:309,2
DA:310,1
DA:311,1
DA:312,1
DA:313,2
DA:314,4
DA:315,4
DA:316,4
DA:317,4
DA:318,1
DA:319,1
DA:320,1
DA:321,1
DA:322,1
DA:323,1
DA:324,6
DA:325,1
DA:326,1
DA:327,1
DA:328,5
DA:329,6
DA:330,1
DA:331,1
DA:332,1
DA:333,4
DA:334,4
DA:335,4
DA:336,4
DA:337,4
DA:338,4
DA:339,4
DA:340,1
DA:341,4
DA:342,4
DA:343,4
DA:344,4
DA:345,4
DA:346,1
DA:347,1
DA:348,1
DA:349,1
DA:350,1
DA:351,1
DA:352,6
DA:353,6
DA:354,6
DA:355,6
DA:356,6
DA:357,6
DA:358,5
DA:359,6
DA:360,3
DA:361,3
DA:362,3
DA:363,2
DA:364,2
DA:365,2
DA:366,2
DA:367,6
DA:368,4
DA:369,4
DA:370,4
DA:371,4
DA:372,1
DA:373,1
DA:374,4
DA:375,2
DA:376,2
DA:377,6
DA:378,1
DA:379,1
DA:380,1
DA:381,6
DA:382,1
DA:383,1
DA:384,1
DA:385,1
DA:386,1
DA:387,2
DA:388,1
DA:389,1
DA:390,1
DA:391,1
DA:392,2
DA:393,1
DA:394,1
DA:395,1
DA:396,1
DA:397,1
DA:398,1
DA:399,1
DA:400,5
DA:401,5
DA:402,5
DA:403,5
DA:404,5
DA:405,5
DA:406,5
DA:407,5
DA:408,5
DA:409,5
DA:410,5
DA:411,5
DA:412,5
DA:413,5
DA:414,5
DA:415,5
DA:416,5
DA:417,5
DA:418,5
DA:419,5
DA:420,5
DA:421,5
DA:422,5
DA:423,5
DA:424,1
DA:425,1
DA:426,1
DA:427,1
DA:428,1
DA:429,1
DA:430,1
DA:431,1
DA:432,1
DA:433,4
DA:434,4
DA:435,4
DA:436,4
DA:437,4
DA:438,4
DA:439,1
DA:440,1
DA:441,1
DA:442,1
DA:443,1
DA:444,1
DA:445,1
DA:446,1
DA:447,1
DA:448,3
DA:449,3
DA:450,3
DA:451,3
DA:452,3
DA:453,3
DA:454,3
DA:455,3
DA:456,3
DA:457,3
DA:458,3
DA:459,3
DA:460,3
DA:461,3
DA:462,3
DA:463,0
DA:464,0
DA:465,0
DA:466,0
DA:467,0
DA:468,0
DA:469,0
DA:470,0
DA:471,0
DA:472,0
DA:473,0
DA:474,0
DA:475,0
DA:476,0
DA:477,0
DA:478,0
DA:479,0
DA:480,0
DA:481,0
DA:482,0
DA:483,0
DA:484,0
DA:485,5
DA:486,1
DA:487,1
DA:488,1
DA:489,1
DA:490,1
DA:491,1
DA:492,1
DA:493,1
DA:494,13
DA:495,13
DA:496,13
DA:497,13
DA:498,13
DA:499,13
DA:500,13
DA:501,13
DA:502,13
DA:503,13
DA:504,13
DA:505,1
DA:506,1
DA:507,1
DA:508,1
DA:509,1
DA:510,12
DA:511,13
DA:512,2
DA:513,2
DA:514,2
DA:515,2
DA:516,2
DA:517,10
DA:518,10
DA:519,10
DA:520,10
DA:521,10
DA:522,10
DA:523,10
DA:524,10
DA:525,10
DA:526,13
DA:527,13
DA:528,13
DA:529,3
DA:530,3
DA:531,3
DA:532,3
DA:533,3
DA:534,3
DA:535,3
DA:536,3
DA:537,3
DA:538,13
DA:539,1
DA:540,1
DA:541,1
DA:542,1
DA:543,1
DA:544,1
DA:545,1
DA:546,1
DA:547,2
DA:548,2
DA:549,1
DA:550,1
DA:551,1
DA:552,1
DA:553,1
DA:554,1
DA:555,1
DA:556,3
DA:557,1
DA:558,1
DA:559,2
DA:560,2
DA:561,2
DA:562,2
DA:563,2
DA:564,2
DA:565,2
DA:566,2
DA:567,1
DA:568,1
DA:569,1
DA:570,1
DA:571,1
DA:572,1
DA:573,1
DA:574,1
DA:575,1
DA:576,1
DA:577,1
DA:578,1
DA:579,1
DA:580,1
DA:581,1
DA:582,1
DA:583,1
DA:584,1
DA:585,1
DA:586,1
DA:587,1
DA:588,1
DA:589,1
DA:590,1
DA:591,1
DA:592,1
DA:593,3
DA:594,1
DA:595,1
DA:596,2
DA:597,2
DA:598,2
DA:599,2
DA:600,3
DA:601,1
DA:602,1
DA:603,1
DA:604,1
DA:605,1
DA:606,1
DA:607,1
DA:608,1
DA:609,1
DA:610,1
DA:611,1
DA:612,1
DA:613,3
DA:614,3
DA:615,3
DA:616,3
DA:617,3
DA:618,1
DA:619,1
DA:620,1
DA:621,2
DA:622,2
DA:623,2
DA:624,2
DA:625,1
DA:626,1
DA:627,1
DA:628,1
DA:629,1
DA:630,1
DA:631,1
DA:632,3
DA:633,3
DA:634,3
DA:635,3
DA:636,3
DA:637,3
DA:638,3
DA:639,3
DA:640,3
DA:641,3
DA:642,3
DA:643,3
DA:644,3
DA:645,3
DA:646,3
DA:647,3
DA:648,3
DA:649,3
DA:650,3
DA:651,3
DA:652,3
DA:653,1
DA:654,1
DA:655,1
DA:656,1
DA:657,1
DA:658,1
DA:659,1
DA:660,1
DA:661,1
DA:662,2
DA:663,2
DA:664,2
DA:665,2
DA:666,2
DA:667,3
DA:668,3
DA:669,3
DA:670,3
DA:671,1
DA:672,1
DA:673,1
DA:674,1
DA:675,1
DA:676,3
DA:677,3
DA:678,3
DA:679,3
DA:680,3
DA:681,3
DA:682,0
DA:683,0
DA:684,0
DA:685,0
DA:686,0
DA:687,0
DA:688,0
DA:689,0
DA:690,1
DA:691,1
DA:692,1
DA:693,1
DA:694,1
DA:695,1
DA:696,1
DA:697,1
DA:698,1
DA:699,1
DA:700,1
DA:701,1
DA:702,1
DA:703,1
DA:704,1
DA:705,1
DA:706,1
DA:707,1
DA:708,1
DA:709,1
DA:710,1
DA:711,1
DA:712,1
DA:713,1
DA:714,1
DA:715,1
DA:716,1
DA:717,1
DA:718,1
DA:719,1
DA:720,1
DA:721,1
DA:722,1
DA:723,1
DA:724,1
DA:725,1
DA:726,1
DA:727,1
DA:728,1
DA:729,1
DA:730,1
DA:731,1
DA:732,3
DA:733,1
DA:734,1
DA:735,1
DA:736,1
DA:737,1
DA:738,1
DA:739,1
DA:740,3
DA:741,3
DA:742,3
DA:743,3
DA:744,3
DA:745,3
DA:746,3
DA:747,2
DA:748,2
DA:749,1
DA:750,1
[...]
DA:96,30
DA:97,30
DA:98,42
DA:99,9
DA:100,9
DA:101,21
DA:102,21
DA:103,42
DA:104,6
DA:105,6
DA:106,15
DA:107,15
DA:108,42
DA:109,9
DA:110,9
DA:111,6
DA:112,6
DA:113,6
DA:114,6
DA:115,1
DA:116,1
DA:117,1
DA:118,1
DA:119,1
DA:120,1
DA:121,1
DA:122,1
DA:123,23
DA:124,23
DA:125,4
DA:126,4
DA:127,3
DA:128,4
DA:129,1
DA:130,1
DA:131,4
DA:132,4
DA:133,19
DA:134,19
DA:135,19
DA:136,19
DA:137,19
DA:138,19
DA:139,19
DA:140,19
DA:141,23
DA:142,2
DA:143,2
DA:144,2
DA:145,19
DA:146,19
DA:147,19
DA:148,19
DA:149,19
DA:150,19
DA:151,19
DA:152,19
DA:153,19
DA:154,1
DA:155,1
DA:156,1
DA:157,1
DA:158,1
DA:159,1
DA:160,1
DA:161,1
DA:162,11
DA:163,11
DA:164,11
DA:165,11
DA:166,11
DA:167,11
DA:168,11
DA:169,11
DA:170,11
DA:171,11
DA:172,11
DA:173,11
DA:174,11
DA:175,11
DA:176,1
DA:177,1
DA:178,1
DA:179,1
DA:180,1
DA:181,5
DA:182,5
DA:183,1
DA:184,1
DA:185,1
DA:186,1
DA:187,1
DA:188,5
DA:189,5
DA:190,1
DA:191,1
DA:192,1
DA:193,1
DA:194,1
DA:195,1
DA:196,1
DA:197,27
DA:198,27
DA:199,27
DA:200,27
DA:201,27
DA:202,27
DA:203,27
DA:204,27
DA:205,27
DA:206,27
DA:207,27
DA:208,27
DA:209,155
DA:210,27
DA:211,1
DA:212,1
DA:213,1
DA:214,1
DA:215,1
DA:216,1
DA:217,27
DA:218,27
DA:219,27
DA:220,27
DA:221,27
DA:222,18
DA:223,18
DA:224,18
DA:225,27
DA:226,1
DA:227,1
DA:228,1
DA:229,1
DA:230,1
DA:231,1
DA:232,3
DA:233,3
DA:234,3
DA:235,3
DA:236,3
DA:237,3
DA:238,3
DA:239,3
DA:240,3
DA:241,3
DA:242,3
DA:243,3
DA:244,3
DA:245,3
DA:246,3
DA:247,1
DA:248,1
DA:249,1
DA:250,1
DA:251,1
DA:252,1
DA:253,1
DA:254,1
DA:255,1
DA:256,1
DA:257,1
DA:258,1
DA:259,1
DA:260,1
DA:261,1
DA:262,1
DA:263,1
DA:264,1
DA:265,1
DA:266,1
DA:267,1
DA:268,2
DA:269,2
DA:270,1
LF:270
LH:270
end_of_record
TN:
SF:src/utilities/async-mutex.js
FN:5,AsyncMutex
FN:14,acquire
FN:33,runExclusive
FN:46,createReleaseFunction
FN:61,get locked
FN:69,get queueLength
FNDA:85,AsyncMutex
FNDA:46,acquire
FNDA:46,runExclusive
FNDA:46,createReleaseFunction
FNDA:80,get locked
FNDA:0,get queueLength
FNDA:0,(anonymous_0)
FNDA:0,(anonymous_1)
FNDA:0,(anonymous_2)
FNDA:0,(anonymous_3)
FNDA:0,(anonymous_4)
FNDA:0,(anonymous_5)
FNDA:0,(anonymous_6)
FNDA:0,(anonymous_7)
FNDA:0,(anonymous_8)
FNF:15
FNH:5
BRDA:5,0,0,85
BRDA:14,1,0,46
BRDA:15,2,0,42
BRDA:18,3,0,4
BRDA:20,4,0,4
BRDA:21,5,0,4
BRDA:33,6,0,46
BRDA:46,7,0,46
BRDA:47,8,0,46
BRDA:48,9,0,4
BRDA:51,10,0,42
BRDA:61,11,0,80
BRF:16
BRH:16
DA:1,1
DA:2,1
DA:3,1
DA:4,1
DA:5,1
DA:6,85
DA:7,85
DA:8,85
DA:9,1
DA:10,1
DA:11,1
DA:12,1
DA:13,1
DA:14,1
DA:15,46
DA:16,42
DA:17,42
DA:18,42
DA:19,4
DA:20,4
DA:21,4
DA:22,4
DA:23,4
DA:24,4
DA:25,4
DA:26,4
DA:27,1
DA:28,1
DA:29,1
DA:30,1
DA:31,1
DA:32,1
DA:33,1
DA:34,46
DA:35,46
DA:36,46
DA:37,46
DA:38,46
DA:39,46
DA:40,46
DA:41,1
DA:42,1
DA:43,1
DA:44,1
DA:45,1
DA:46,1
DA:47,46
DA:48,46
DA:49,4
DA:50,4
DA:51,46
DA:52,42
DA:53,42
DA:54,46
DA:55,46
DA:56,1
DA:57,1
DA:58,1
DA:59,1
DA:60,1
DA:61,1
DA:62,80
DA:63,80
DA:64,1
DA:65,1
DA:66,1
DA:67,1
DA:68,1
DA:69,1
DA:70,0
DA:71,0
DA:72,1
LF:72
LH:70
end_of_record
TN:
SF:src/utilities/browser-config.js
FN:35,getXScrapingBrowserConfig
FN:61,getYouTubeScrapingBrowserConfig
FN:88,getProfileBrowserConfig
FN:116,validateBrowserArgs
FNDA:63423,getXScrapingBrowserConfig
FNDA:30,getYouTubeScrapingBrowserConfig
FNDA:5,getProfileBrowserConfig
FNDA:5,validateBrowserArgs
FNF:4
FNH:4
BRDA:35,0,0,63423
BRDA:37,1,0,63419
BRDA:37,2,0,4
BRDA:42,3,0,63421
BRDA:47,4,0,63421
BRDA:47,5,0,2
BRDA:47,6,0,1
BRDA:61,7,0,30
BRDA:63,8,0,27
BRDA:63,9,0,3
BRDA:73,10,0,29
BRDA:73,11,0,1
BRDA:73,12,0,1
BRDA:88,13,0,5
BRDA:90,14,0,0
BRDA:94,15,0,1
BRDA:104,16,0,4
BRDA:104,17,0,1
BRDA:104,18,0,1
BRDA:116,19,0,5
BRDA:120,20,0,14
BRDA:121,21,0,4
BRF:45
BRH:42
DA:1,1
DA:2,1
DA:3,1
DA:4,1
DA:5,1
DA:6,1
DA:7,1
DA:8,1
DA:9,1
DA:10,19
DA:11,1
DA:12,1
DA:13,1
DA:14,1
DA:15,1
DA:16,1
DA:17,1
DA:18,1
DA:19,1
DA:20,1
DA:21,1
DA:22,1
DA:23,1
DA:24,1
DA:25,1
DA:26,19
DA:27,1
DA:28,1
DA:29,1
DA:30,1
DA:31,1
DA:32,1
DA:33,1
DA:34,1
DA:35,1
DA:36,63423
DA:37,63423
DA:38,63423
DA:39,63423
DA:40,63423
DA:41,63423
DA:42,63423
DA:43,63421
DA:44,63421
DA:45,63423
DA:46,63423
DA:47,63423
DA:48,1
DA:49,1
DA:50,63423
DA:51,63423
DA:52,63423
DA:53,1
DA:54,1
DA:55,1
DA:56,1
DA:57,1
DA:58,1
DA:59,1
DA:60,1
DA:61,1
DA:62,30
DA:63,30
DA:64,30
DA:65,30
DA:66,30
DA:67,30
DA:68,30
DA:69,30
DA:70,30
DA:71,30
DA:72,30
DA:73,30
DA:74,1
DA:75,1
DA:76,30
DA:77,30
DA:78,30
DA:79,1
DA:80,1
DA:81,1
DA:82,1
DA:83,1
DA:84,1
DA:85,1
DA:86,1
DA:87,1
DA:88,1
DA:89,5
DA:90,5
DA:91,5
DA:92,5
DA:93,5
DA:94,5
DA:95,1
DA:96,1
DA:97,5
DA:98,5
DA:99,5
DA:100,5
DA:101,5
DA:102,5
DA:103,5
DA:104,5
DA:105,1
DA:106,1
DA:107,5
DA:108,5
DA:109,5
DA:110,1
DA:111,1
DA:112,1
DA:113,1
DA:114,1
DA:115,1
DA:116,1
DA:117,5
DA:118,5
DA:119,5
DA:120,5
DA:121,14
DA:122,4
DA:123,4
DA:124,4
DA:125,14
DA:126,5
DA:127,5
DA:128,5
DA:129,5
DA:130,5
DA:131,5
DA:132,5
DA:133,1
DA:134,1
LF:134
LH:134
end_of_record
TN:
SF:src/utilities/enhanced-logger.js
FN:8,EnhancedLogger
FN:25,generateCorrelationId
FN:35,startOperation
FN:52,success
FN:74,error
FN:97,progress
FN:125,recordMetrics
FN:151,error
FN:160,warn
FN:169,info
FN:178,debug
FN:187,verbose
FN:195,log
FN:224,executeLog
FN:246,sanitizeContext
FN:261,sanitizeValue
FN:291,getActiveOperations
FN:311,getStats
FN:328,child
FN:333,childLogger.executeLog
FN:348,measure
FN:367,forOperation
FN:384,createEnhancedLogger
FNDA:649,EnhancedLogger
FNDA:384953,generateCorrelationId
FNDA:384951,startOperation
FNDA:221787,success
FNDA:187505,error
FNDA:544220,progress
FNDA:409247,recordMetrics
FNDA:2811,warn
FNDA:222144,info
FNDA:929339,debug
FNDA:11,verbose
FNDA:1339068,log
FNDA:505809,executeLog
FNDA:505809,sanitizeContext
FNDA:881931,sanitizeValue
FNDA:4,getActiveOperations
FNDA:1,getStats
FNDA:3,child
FNDA:3,childLogger.executeLog
FNDA:3,measure
FNDA:2,forOperation
FNDA:615,createEnhancedLogger
FNDA:0,(anonymous_0)
FNDA:0,(anonymous_1)
FNDA:0,(anonymous_2)
FNDA:0,(anonymous_3)
FNDA:0,(anonymous_4)
FNDA:0,(anonymous_5)
FNDA:0,(anonymous_6)
FNDA:0,(anonymous_7)
FNDA:0,(anonymous_8)
FNDA:0,(anonymous_9)
FNDA:0,(anonymous_10)
FNDA:0,(anonymous_11)
FNDA:0,(anonymous_12)
FNDA:0,(anonymous_13)
FNDA:0,(anonymous_14)
FNDA:0,(anonymous_15)
FNDA:0,(anonymous_16)
FNDA:0,(anonymous_17)
FNDA:0,(anonymous_18)
FNDA:0,(anonymous_19)
FNDA:0,(anonymous_20)
FNDA:0,(anonymous_21)
FNDA:0,(anonymous_22)
FNDA:0,(anonymous_23)
FNF:46
FNH:22
BRDA:8,0,0,649
BRDA:15,1,0,648
BRDA:15,2,0,1
BRDA:15,3,0,648
BRDA:15,4,0,1
BRDA:25,5,0,384953
BRDA:35,6,0,384951
BRDA:36,7,0,384950
BRDA:52,8,0,221787
BRDA:74,9,0,187460
BRDA:81,10,0,0
BRDA:82,11,0,0
BRDA:97,12,0,544220
BRDA:125,13,0,409247
BRDA:126,14,0,56
BRDA:128,15,0,409208
BRDA:128,16,0,409191
BRDA:135,17,0,409150
BRDA:135,18,0,221707
BRDA:137,19,0,187428
BRDA:140,20,0,56
BRDA:151,21,0,187505
BRDA:160,22,0,2811
BRDA:169,23,0,222144
BRDA:178,24,0,929339
BRDA:187,25,0,11
BRDA:195,26,0,1339068
BRDA:197,27,0,187574
BRDA:200,28,0,1339021
BRDA:200,29,0,1151494
BRDA:203,30,0,365
BRDA:207,31,0,1338555
BRDA:207,32,0,1151129
BRDA:210,33,0,317417
BRDA:213,34,0,453
BRDA:224,35,0,505809
BRDA:234,36,0,505801
BRDA:236,37,0,8
BRDA:238,38,0,0
BRDA:246,39,0,505809
BRDA:261,40,0,881931
BRDA:262,41,0,0
BRDA:266,42,0,191439
BRDA:266,43,0,690492
BRDA:268,44,0,4568973
BRDA:272,45,0,95831
BRDA:272,46,0,168
BRDA:274,47,0,4568805
BRDA:274,48,0,557595
BRDA:274,49,0,376122
BRDA:276,50,0,4192683
BRDA:270,51,0,40737435
BRDA:291,52,0,4
BRDA:311,53,0,1
BRDA:317,54,0,0
BRDA:318,55,0,0
BRDA:318,56,0,0
BRDA:319,57,0,0
BRDA:319,58,0,0
BRDA:317,59,0,2
BRDA:328,60,0,3
BRDA:333,61,0,3
BRDA:348,62,0,3
BRDA:352,63,0,2
BRDA:355,64,0,1
BRDA:367,65,0,2
BRDA:368,66,0,1
BRDA:384,67,0,615
BRF:124
BRH:108
DA:1,1
DA:2,1
DA:3,1
DA:4,1
DA:5,1
DA:6,1
DA:7,1
DA:8,1
DA:9,649
DA:10,649
DA:11,649
DA:12,649
DA:13,649
DA:14,649
DA:15,649
DA:16,649
DA:17,649
DA:18,649
DA:19,649
DA:20,1
DA:21,1
DA:22,1
DA:23,1
DA:24,1
DA:25,1
DA:26,384953
DA:27,384953
DA:28,1
DA:29,1
DA:30,1
DA:31,1
DA:32,1
DA:33,1
DA:34,1
DA:35,1
DA:36,384951
DA:37,384951
DA:38,384951
DA:39,384951
DA:40,384951
DA:41,384951
DA:42,384951
DA:43,384951
DA:44,384951
DA:45,384951
DA:46,384951
DA:47,384951
DA:48,384951
DA:49,384951
DA:50,384951
DA:51,384951
DA:52,384951
DA:53,221787
DA:54,221787
DA:55,221787
DA:56,221787
DA:57,221787
DA:58,221787
DA:59,221787
DA:60,221787
DA:61,221787
DA:62,221787
DA:63,221787
DA:64,221787
DA:65,221787
DA:66,384951
DA:67,384951
DA:68,384951
DA:69,384951
DA:70,384951
DA:71,384951
DA:72,384951
DA:73,384951
DA:74,384951
DA:75,187460
DA:76,187460
DA:77,187460
DA:78,187460
DA:79,187460
DA:80,187460
DA:81,187460
DA:82,187460
DA:83,187460
DA:84,187460
DA:85,187460
DA:86,187460
DA:87,187460
DA:88,187460
DA:89,187460
DA:90,384951
DA:91,384951
DA:92,384951
DA:93,384951
DA:94,384951
DA:95,384951
DA:96,384951
DA:97,384951
DA:98,544220
DA:99,544220
DA:100,544220
DA:101,544220
DA:102,544220
DA:103,544220
DA:104,544220
DA:105,544220
DA:106,544220
DA:107,544220
DA:108,544220
DA:109,544220
DA:110,384951
DA:111,384951
DA:112,384951
DA:113,384951
DA:114,384951
DA:115,384951
DA:116,384951
DA:117,384951
DA:118,384951
DA:119,384951
DA:120,1
DA:121,1
DA:122,1
DA:123,1
DA:124,1
DA:125,1
DA:126,409247
DA:127,56
DA:128,56
DA:129,409191
DA:130,409191
DA:131,409191
DA:132,409191
DA:133,409191
DA:134,409191
DA:135,409208
DA:136,221707
DA:137,409150
DA:138,187428
DA:139,187428
DA:140,409247
DA:141,56
DA:142,56
DA:143,56
DA:144,409247
DA:145,1
DA:146,1
DA:147,1
DA:148,1
DA:149,1
DA:150,1
DA:151,1
DA:152,187505
DA:153,187505
DA:154,1
DA:155,1
DA:156,1
DA:157,1
DA:158,1
DA:159,1
DA:160,1
DA:161,2811
DA:162,2811
DA:163,1
DA:164,1
DA:165,1
DA:166,1
DA:167,1
DA:168,1
DA:169,1
DA:170,222144
DA:171,222144
DA:172,1
DA:173,1
DA:174,1
DA:175,1
DA:176,1
DA:177,1
DA:178,1
DA:179,929339
DA:180,929339
DA:181,1
DA:182,1
DA:183,1
DA:184,1
DA:185,1
DA:186,1
DA:187,1
DA:188,11
DA:189,11
DA:190,1
DA:191,1
DA:192,1
DA:193,1
DA:194,1
DA:195,1
DA:196,1339068
DA:197,1339068
DA:198,187574
DA:199,187574
DA:200,187574
DA:201,1151494
DA:202,1151494
DA:203,1339021
DA:204,365
DA:205,365
DA:206,365
DA:207,365
DA:208,1151129
DA:209,1151129
DA:210,1338555
DA:211,317417
DA:212,317417
DA:213,1339068
DA:214,453
DA:215,453
DA:216,453
DA:217,453
DA:218,1339068
DA:219,1
DA:220,1
DA:221,1
DA:222,1
DA:223,1
DA:224,1
DA:225,505809
DA:226,505809
DA:227,505809
DA:228,505809
DA:229,505809
DA:230,505809
DA:231,505809
DA:232,505809
DA:233,505809
DA:234,505809
DA:235,505801
DA:236,505809
DA:237,8
DA:238,8
DA:239,8
DA:240,505809
DA:241,1
DA:242,1
DA:243,1
DA:244,1
DA:245,1
DA:246,1
DA:247,505809
DA:248,505809
DA:249,505809
DA:250,505809
DA:251,505809
DA:252,505809
DA:253,505809
DA:254,505809
DA:255,505809
DA:256,505809
DA:257,505809
DA:258,505809
DA:259,505809
DA:260,505809
DA:261,505809
DA:262,881931
DA:263,0
DA:264,0
DA:265,881931
DA:266,881931
DA:267,881931
DA:268,881931
DA:269,4568973
DA:270,4568973
DA:271,4568973
DA:272,4568973
DA:273,168
DA:274,4568973
DA:275,376122
DA:276,4568805
DA:277,4192683
DA:278,4192683
DA:279,4568973
DA:280,881931
DA:281,881931
DA:282,505809
DA:283,505809
DA:284,505809
DA:285,505809
DA:286,1
DA:287,1
DA:288,1
DA:289,1
DA:290,1
DA:291,1
DA:292,4
DA:293,4
DA:294,4
DA:295,4
DA:296,4
DA:297,4
DA:298,4
DA:299,4
DA:300,4
DA:301,4
DA:302,4
DA:303,4
DA:304,4
DA:305,4
DA:306,1
DA:307,1
DA:308,1
DA:309,1
DA:310,1
DA:311,1
DA:312,1
DA:313,1
DA:314,1
DA:315,1
DA:316,1
DA:317,2
DA:318,1
DA:319,1
DA:320,1
DA:321,1
DA:322,1
DA:323,1
DA:324,1
DA:325,1
DA:326,1
DA:327,1
DA:328,1
DA:329,3
DA:330,3
DA:331,3
DA:332,3
DA:333,3
DA:334,3
DA:335,3
DA:336,3
DA:337,3
DA:338,3
DA:339,3
DA:340,1
DA:341,1
DA:342,1
DA:343,1
DA:344,1
DA:345,1
DA:346,1
DA:347,1
DA:348,1
DA:349,3
DA:350,3
DA:351,3
DA:352,3
DA:353,2
DA:354,2
DA:355,3
DA:356,1
DA:357,1
DA:358,1
DA:359,3
DA:360,1
DA:361,1
DA:362,1
DA:363,1
DA:364,1
DA:365,1
DA:366,1
DA:367,1
DA:368,2
DA:369,2
DA:370,2
DA:371,2
DA:372,2
DA:373,2
DA:374,1
DA:375,1
DA:376,1
DA:377,1
DA:378,1
DA:379,1
DA:380,1
DA:381,1
DA:382,1
DA:383,1
DA:384,1
DA:385,615
DA:386,615
LF:386
LH:384
end_of_record
TN:
SF:src/utilities/time-parser.js
FN:19,parseRelativeTime
FN:64,calculateDateFromUnit
FN:103,calculateDateFromShortUnit
FN:126,isValidRelativeTime
FNDA:40,parseRelativeTime
FNDA:15,calculateDateFromUnit
FNDA:3,calculateDateFromShortUnit
FNDA:9,isValidRelativeTime
FNF:4
FNH:4
BRDA:19,0,0,40
BRDA:20,1,0,24
BRDA:20,2,0,16
BRDA:22,3,0,30
BRDA:22,4,0,24
BRDA:27,5,0,21
BRDA:27,6,0,4
BRDA:29,7,0,20
BRDA:34,8,0,8
BRDA:37,9,0,3
BRDA:41,10,0,5
BRDA:45,11,0,12
BRDA:50,12,0,0
BRDA:52,13,0,12
BRDA:64,14,0,15
BRDA:68,15,0,1
BRDA:71,16,0,1
BRDA:74,17,0,7
BRDA:77,18,0,3
BRDA:80,19,0,1
BRDA:83,20,0,1
BRDA:86,21,0,1
BRDA:89,22,0,0
BRDA:103,23,0,3
BRDA:114,24,0,0
BRDA:126,25,0,9
BRF:50
BRH:44
DA:1,1
DA:2,1
DA:3,1
DA:4,1
DA:5,1
DA:6,1
DA:7,1
DA:8,1
DA:9,1
DA:10,1
DA:11,1
DA:12,1
DA:13,1
DA:14,1
DA:15,1
DA:16,1
DA:17,1
DA:18,1
DA:19,1
DA:20,40
DA:21,16
DA:22,16
DA:23,24
DA:24,24
DA:25,24
DA:26,24
DA:27,40
DA:28,4
DA:29,4
DA:30,20
DA:31,20
DA:32,20
DA:33,20
DA:34,40
DA:35,8
DA:36,8
DA:37,8
DA:38,3
DA:39,3
DA:40,3
DA:41,3
DA:42,5
DA:43,5
DA:44,5
DA:45,5
DA:46,12
DA:47,12
DA:48,12
DA:49,12
DA:50,40
DA:51,0
DA:52,0
DA:53,12
DA:54,12
DA:55,12
DA:56,1
DA:57,1
DA:58,1
DA:59,1
DA:60,1
DA:61,1
DA:62,1
DA:63,1
DA:64,15
DA:65,15
DA:66,15
DA:67,15
DA:68,15
DA:69,1
DA:70,1
DA:71,15
DA:72,1
DA:73,1
DA:74,15
DA:75,7
DA:76,7
DA:77,15
DA:78,3
DA:79,3
DA:80,15
DA:81,1
DA:82,1
DA:83,15
DA:84,1
DA:85,1
DA:86,15
DA:87,1
DA:88,1
DA:89,15
DA:90,0
DA:91,15
DA:92,15
DA:93,15
DA:94,15
DA:95,1
DA:96,1
DA:97,1
DA:98,1
DA:99,1
DA:100,1
DA:101,1
DA:102,1
DA:103,3
DA:104,3
DA:105,3
DA:106,3
DA:107,3
DA:108,3
DA:109,3
DA:110,3
DA:111,3
DA:112,3
DA:113,3
DA:114,3
DA:115,0
DA:116,0
DA:117,3
DA:118,3
DA:119,3
DA:120,1
DA:121,1
DA:122,1
DA:123,1
DA:124,1
DA:125,1
DA:126,1
DA:127,9
DA:128,9
LF:128
LH:123
end_of_record
TN:
SF:src/utilities/utc-time.js
FN:10,nowUTC
FN:18,timestampUTC
FN:26,getCurrentHourUTC
FN:34,getCurrentDayUTC
FN:43,dateFromTimestamp
FN:52,parseISOString
FN:60,toISOStringUTC
FN:69,dateToISOString
FN:77,isNightTimeUTC
FN:86,isWeekendUTC
FN:95,daysAgoUTC
FN:106,hoursAgoUTC
FN:115,minutesAgoUTC
FN:124,secondsAgoUTC
FNDA:1593530,nowUTC
FNDA:892479,timestampUTC
FNDA:14,getCurrentHourUTC
FNDA:11,getCurrentDayUTC
FNDA:1,dateFromTimestamp
FNDA:1,parseISOString
FNDA:25,toISOStringUTC
FNDA:1,dateToISOString
FNDA:8,isNightTimeUTC
FNDA:8,isWeekendUTC
FNDA:12,daysAgoUTC
FNDA:3,hoursAgoUTC
FNDA:3,minutesAgoUTC
FNDA:3,secondsAgoUTC
FNF:14
FNH:14
BRDA:10,0,0,1593530
BRDA:18,1,0,892479
BRDA:26,2,0,14
BRDA:34,3,0,11
BRDA:43,4,0,1
BRDA:52,5,0,1
BRDA:60,6,0,25
BRDA:69,7,0,1
BRDA:77,8,0,8
BRDA:79,9,0,6
BRDA:86,10,0,8
BRDA:95,11,0,12
BRDA:106,12,0,3
BRDA:115,13,0,3
BRDA:124,14,0,3
BRF:17
BRH:17
DA:1,1
DA:2,1
DA:3,1
DA:4,1
DA:5,1
DA:6,1
DA:7,1
DA:8,1
DA:9,1
DA:10,1
DA:11,1593530
DA:12,1593530
DA:13,1
DA:14,1
DA:15,1
DA:16,1
DA:17,1
DA:18,1
DA:19,892479
DA:20,892479
DA:21,1
DA:22,1
DA:23,1
DA:24,1
DA:25,1
DA:26,1
DA:27,14
DA:28,14
DA:29,1
DA:30,1
DA:31,1
DA:32,1
DA:33,1
DA:34,1
DA:35,11
DA:36,11
DA:37,1
DA:38,1
DA:39,1
DA:40,1
DA:41,1
DA:42,1
DA:43,1
DA:44,1
DA:45,1
DA:46,1
DA:47,1
DA:48,1
DA:49,1
DA:50,1
DA:51,1
DA:52,1
DA:53,1
DA:54,1
DA:55,1
DA:56,1
DA:57,1
DA:58,1
DA:59,1
DA:60,1
DA:61,25
DA:62,25
DA:63,1
DA:64,1
DA:65,1
DA:66,1
DA:67,1
DA:68,1
DA:69,1
DA:70,1
DA:71,1
DA:72,1
DA:73,1
DA:74,1
DA:75,1
DA:76,1
DA:77,1
DA:78,8
DA:79,8
DA:80,8
DA:81,1
DA:82,1
DA:83,1
DA:84,1
DA:85,1
DA:86,1
DA:87,8
DA:88,8
DA:89,1
DA:90,1
DA:91,1
DA:92,1
DA:93,1
DA:94,1
DA:95,1
DA:96,12
DA:97,12
DA:98,12
DA:99,12
DA:100,1
DA:101,1
DA:102,1
DA:103,1
DA:104,1
DA:105,1
DA:106,1
DA:107,3
DA:108,3
DA:109,1
DA:110,1
DA:111,1
DA:112,1
DA:113,1
DA:114,1
DA:115,1
DA:116,3
DA:117,3
DA:118,1
DA:119,1
DA:120,1
DA:121,1
DA:122,1
DA:123,1
DA:124,1
DA:125,3
DA:126,3
LF:126
LH:126
end_of_record
TN:
SF:src/utils/delay.js
FN:6,delay
FNDA:33199,delay
FNDA:0,(anonymous_1)
FNF:2
FNH:1
BRDA:6,0,0,33199
BRDA:7,1,0,33199
BRF:2
BRH:2
DA:1,1
DA:2,1
DA:3,1
DA:4,1
DA:5,1
DA:6,1
DA:7,33199
DA:8,33199
LF:8
LH:8
end_of_record
TN:
SF:index.js
FN:22,isWriteError
FN:33,safeConsoleLog
FN:51,startBot
FN:71,(anonymous_3)
FN:100,main
FN:112,(anonymous_5)
FN:127,(anonymous_6)
FN:166,startApplications
FN:199,startWebServer
FN:228,(anonymous_9)
FN:239,(anonymous_10)
FN:245,(anonymous_11)
FN:256,setupGracefulShutdown
FN:260,(anonymous_13)
FN:261,(anonymous_14)
FN:262,(anonymous_15)
FN:263,(anonymous_16)
FN:266,(anonymous_17)
FN:276,(anonymous_18)
FN:298,(anonymous_19)
FN:317,(anonymous_20)
FNDA:0,isWriteError
FNDA:0,safeConsoleLog
FNDA:0,startBot
FNDA:0,(anonymous_3)
FNDA:0,main
FNDA:0,(anonymous_5)
FNDA:0,(anonymous_6)
FNDA:0,startApplications
FNDA:0,startWebServer
FNDA:0,(anonymous_9)
FNDA:0,(anonymous_10)
FNDA:0,(anonymous_11)
FNDA:0,setupGracefulShutdown
FNDA:0,(anonymous_13)
FNDA:0,(anonymous_14)
FNDA:0,(anonymous_15)
FNDA:0,(anonymous_16)
FNDA:0,(anonymous_17)
FNDA:0,(anonymous_18)
FNDA:0,(anonymous_19)
FNDA:0,(anonymous_20)
FNF:21
FNH:0
BRDA:23,0,0,0
BRDA:23,0,1,0
BRDA:27,1,0,0
BRDA:27,1,1,0
BRDA:27,1,2,0
BRDA:53,2,0,0
BRDA:53,2,1,0
BRDA:81,3,0,0
BRDA:81,3,1,0
BRDA:88,4,0,0
BRDA:88,4,1,0
BRDA:88,5,0,0
BRDA:88,5,1,0
BRDA:93,6,0,0
BRDA:93,6,1,0
BRDA:102,7,0,0
BRDA:102,7,1,0
BRDA:116,8,0,0
BRDA:116,8,1,0
BRDA:143,9,0,0
BRDA:143,9,1,0
BRDA:150,10,0,0
BRDA:150,10,1,0
BRDA:180,11,0,0
BRDA:180,11,1,0
BRDA:268,12,0,0
BRDA:268,12,1,0
BRDA:274,13,0,0
BRDA:274,13,1,0
BRDA:277,14,0,0
BRDA:277,14,1,0
BRDA:300,15,0,0
BRDA:300,15,1,0
BRDA:300,16,0,0
BRDA:300,16,1,0
BRDA:316,17,0,0
BRDA:316,17,1,0
BRF:37
BRH:0
DA:17,0
DA:23,0
DA:24,0
DA:26,0
DA:27,0
DA:34,0
DA:35,0
DA:38,0
DA:39,0
DA:53,0
DA:54,0
DA:57,0
DA:58,0
DA:59,0
DA:60,0
DA:61,0
DA:62,0
DA:63,0
DA:64,0
DA:65,0
DA:68,0
DA:69,0
DA:71,0
DA:72,0
DA:78,0
DA:81,0
DA:82,0
DA:84,0
DA:86,0
DA:88,0
DA:89,0
DA:91,0
DA:93,0
DA:94,0
DA:96,0
DA:102,0
DA:103,0
DA:109,0
DA:110,0
DA:111,0
DA:112,0
DA:113,0
DA:114,0
DA:116,0
DA:117,0
DA:118,0
DA:122,0
DA:123,0
DA:126,0
DA:127,0
DA:129,0
DA:130,0
DA:133,0
DA:134,0
DA:135,0
DA:140,0
DA:143,0
DA:144,0
DA:145,0
DA:147,0
DA:150,0
DA:151,0
DA:152,0
DA:154,0
DA:159,0
DA:167,0
DA:168,0
DA:171,0
DA:172,0
DA:175,0
DA:176,0
DA:179,0
DA:180,0
DA:181,0
DA:182,0
DA:183,0
DA:185,0
DA:186,0
DA:187,0
DA:190,0
DA:193,0
DA:200,0
DA:201,0
DA:204,0
DA:212,0
DA:221,0
DA:222,0
DA:225,0
DA:228,0
DA:229,0
DA:235,0
DA:239,0
DA:240,0
DA:244,0
DA:245,0
DA:246,0
DA:250,0
DA:257,0
DA:260,0
DA:261,0
DA:262,0
DA:263,0
DA:266,0
DA:268,0
DA:270,0
DA:271,0
DA:272,0
DA:274,0
DA:276,0
DA:277,0
DA:278,0
DA:284,0
DA:288,0
DA:289,0
DA:290,0
DA:292,0
DA:294,0
DA:298,0
DA:300,0
DA:301,0
DA:302,0
DA:305,0
DA:306,0
DA:307,0
DA:309,0
DA:311,0
DA:316,0
DA:317,0
DA:318,0
DA:319,0
LF:130
LH:0
end_of_record
TN:
SF:src/x-scraper.js
FN:22,main
FN:57,(anonymous_1)
FN:58,(anonymous_2)
FN:63,(anonymous_3)
FN:68,(anonymous_4)
FN:94,(anonymous_5)
FNDA:0,main
FNDA:0,(anonymous_1)
FNDA:0,(anonymous_2)
FNDA:0,(anonymous_3)
FNDA:0,(anonymous_4)
FNDA:0,(anonymous_5)
FNF:6
FNH:0
BRDA:24,0,0,0
BRDA:24,0,1,0
BRDA:47,1,0,0
BRDA:47,1,1,0
BRDA:69,2,0,0
BRDA:69,2,1,0
BRDA:73,3,0,0
BRDA:73,3,1,0
BRDA:79,4,0,0
BRDA:79,4,1,0
BRDA:93,5,0,0
BRDA:93,5,1,0
BRF:12
BRH:0
DA:15,0
DA:24,0
DA:25,0
DA:31,0
DA:33,0
DA:36,0
DA:39,0
DA:42,0
DA:43,0
DA:46,0
DA:47,0
DA:48,0
DA:52,0
DA:53,0
DA:56,0
DA:57,0
DA:58,0
DA:60,0
DA:63,0
DA:64,0
DA:65,0
DA:68,0
DA:69,0
DA:70,0
DA:73,0
DA:74,0
DA:76,0
DA:79,0
DA:80,0
DA:81,0
DA:83,0
DA:88,0
DA:93,0
DA:94,0
DA:95,0
DA:96,0
LF:36
LH:0
end_of_record
TN:
SF:src/youtube-monitor.js
FN:22,main
FN:51,(anonymous_1)
FN:52,(anonymous_2)
FN:57,(anonymous_3)
FN:62,(anonymous_4)
FN:88,(anonymous_5)
FNDA:0,main
FNDA:0,(anonymous_1)
FNDA:0,(anonymous_2)
FNDA:0,(anonymous_3)
FNDA:0,(anonymous_4)
FNDA:0,(anonymous_5)
FNF:6
FNH:0
BRDA:24,0,0,0
BRDA:24,0,1,0
BRDA:67,1,0,0
BRDA:67,1,1,0
BRDA:73,2,0,0
BRDA:73,2,1,0
BRDA:87,3,0,0
BRDA:87,3,1,0
BRF:8
BRH:0
DA:15,0
DA:24,0
DA:25,0
DA:31,0
DA:33,0
DA:36,0
DA:39,0
DA:42,0
DA:43,0
DA:46,0
DA:47,0
DA:50,0
DA:51,0
DA:52,0
DA:54,0
DA:57,0
DA:58,0
DA:59,0
DA:62,0
DA:63,0
DA:64,0
DA:67,0
DA:68,0
DA:70,0
DA:73,0
DA:74,0
DA:75,0
DA:77,0
DA:82,0
DA:87,0
DA:88,0
DA:89,0
DA:90,0
LF:33
LH:0
end_of_record
